<?xml version="1.0" encoding="UTF-8"?>
<testsuites name="SD Flow ME-GR From Vendor with Advance" time="381.812" tests="11" failures="1" errors="0">
   <testsuite name="SD Flow ME-GR From Vendor with Advance" tests="11" failures="1" errors="0" time="381.812" timestamp="2019-11-07 10:51:57" hostname="daniel.donose - egt-danieldonose.egt.local" id="Test Suites/SD Flow ME-GR From Vendor with Advance">
      <properties>
         <property name="deviceName" value=""/>
         <property name="devicePlatform" value=""/>
         <property name="logFolder" value="C:\\Users\\daniel.donose\\git\\GAS_V4\\Reports\\20191107_105153\\SD Flow ME-GR From Vendor with Advance\\20191107_105153"/>
         <property name="logFiles" value="C:\\Users\\daniel.donose\\git\\GAS_V4\\Reports\\20191107_105153\\SD Flow ME-GR From Vendor with Advance\\20191107_105153\\execution0.log"/>
         <property name="attachments" value="C:\\Users\\daniel.donose\\git\\GAS_V4\\Reports\\20191107_105153\\SD Flow ME-GR From Vendor with Advance\\20191107_105153\\1573117098104.png"/>
         <property name="hostName" value="daniel.donose - egt-danieldonose.egt.local"/>
         <property name="os" value="Windows 10 64bit"/>
         <property name="katalonVersion" value="7.0.3.1"/>
         <property name="browser" value="Chrome 78.0.3904.87"/>
         <property name="dbServerInfo" value="PostgreSQL 9.6.10"/>
         <property name="hostAddress" value="10.120.2.94"/>
         <property name="sessionId" value="34fd32c2ea8a174a90e7798850d75e0d"/>
         <property name="seleniumVersion" value="3.141.59"/>
         <property name="proxyInformation" value="ProxyInformation{proxyOption=NO_PROXY, proxyServerType=HTTP, password=, proxyServerAddress=, proxyServerPort=0}"/>
         <property name="platform" value="Windows 10"/>
      </properties>
      <testcase name="Test Cases/Login/LoginAdmin" time="27.25" classname="Test Cases/Login/LoginAdmin" status="PASSED">
         <system-out><![CDATA[2019-11-07 10:51:57 - [TEST_CASE][PASSED] - Test Cases/Login/LoginAdmin: Test Cases/Login/LoginAdmin

2019-11-07 10:51:58 - [TEST_STEP][PASSED] - openBrowser(""): Browser is opened with url: ''

2019-11-07 10:51:58 - [MESSAGE][INFO] - Starting 'Chrome' driver

2019-11-07 10:51:58 - [MESSAGE][INFO] - Action delay is set to 0 seconds

2019-11-07 10:52:05 - [MESSAGE][PASSED] - Browser is opened with url: ''

2019-11-07 10:52:05 - [TEST_STEP][PASSED] - maximizeWindow(): Current window maximized

2019-11-07 10:52:09 - [MESSAGE][PASSED] - Current window maximized

2019-11-07 10:52:09 - [TEST_STEP][PASSED] - navigateToUrl(Web7TestEnv): Navigate to 'http://web7.egt-bg.ro:7955/?#!/' successfully

2019-11-07 10:52:12 - [MESSAGE][PASSED] - Navigate to 'http://web7.egt-bg.ro:7955/?#!/' successfully

2019-11-07 10:52:12 - [TEST_STEP][PASSED] - setText(findTestObject("Login/input_username"), "daniel.donose"): Text 'daniel.donose' is set on object 'Object Repository/Login/input_username'

2019-11-07 10:52:13 - [MESSAGE][PASSED] - Text 'daniel.donose' is set on object 'Object Repository/Login/input_username'

2019-11-07 10:52:13 - [TEST_STEP][PASSED] - setText(findTestObject("Login/input_password"), "11111sase"): Text '11111sase' is set on object 'Object Repository/Login/input_password'

2019-11-07 10:52:14 - [MESSAGE][PASSED] - Text '11111sase' is set on object 'Object Repository/Login/input_password'

2019-11-07 10:52:14 - [TEST_STEP][PASSED] - click(findTestObject("Login/button_Login")): Object: 'Object Repository/Login/button_Login' is clicked on

2019-11-07 10:52:14 - [MESSAGE][PASSED] - Object: 'Object Repository/Login/button_Login' is clicked on

2019-11-07 10:52:14 - [TEST_STEP][PASSED] - callTestCase(findTestCase("DailyRates"), [:], STOP_ON_FAILURE): Call Test Case 'Test Cases/DailyRates' successfully

2019-11-07 10:52:14 - [TEST_CASE][PASSED] - Test Cases/DailyRates: Test Cases/DailyRates

2019-11-07 10:52:14 - [TEST_STEP][PASSED] - mainDashboardSelections.Selectors.selectAccDailyRates(): mainDashboardSelections.Selectors.selectAccDailyRates is PASSED

2019-11-07 10:52:19 - [MESSAGE][PASSED] - Object: 'Object Repository/MainDashboard/Nav_Menu_Top/a_Accounting' is clicked on

2019-11-07 10:52:20 - [MESSAGE][PASSED] - Object: 'Object Repository/MainDashboard/Nav_Menu_Top/Accounting/a_Change Daily Rates' is clicked on

2019-11-07 10:52:20 - [MESSAGE][PASSED] - mainDashboardSelections.Selectors.selectAccDailyRates is PASSED

2019-11-07 10:52:20 - [TEST_STEP][PASSED] - setText(findTestObject("DailyRates/input_RON"), "4.7"): Text '4.7' is set on object 'Object Repository/DailyRates/input_RON'

2019-11-07 10:52:22 - [MESSAGE][PASSED] - Text '4.7' is set on object 'Object Repository/DailyRates/input_RON'

2019-11-07 10:52:22 - [TEST_STEP][PASSED] - setText(findTestObject("DailyRates/input_BGN"), "2.3"): Text '2.3' is set on object 'Object Repository/DailyRates/input_BGN'

2019-11-07 10:52:22 - [MESSAGE][PASSED] - Text '2.3' is set on object 'Object Repository/DailyRates/input_BGN'

2019-11-07 10:52:22 - [TEST_STEP][PASSED] - setText(findTestObject("DailyRates/input_USD"), "4.4"): Text '4.4' is set on object 'Object Repository/DailyRates/input_USD'

2019-11-07 10:52:23 - [MESSAGE][PASSED] - Text '4.4' is set on object 'Object Repository/DailyRates/input_USD'

2019-11-07 10:52:23 - [TEST_STEP][PASSED] - click(findTestObject("DailyRates/input_Save")): Object: 'Object Repository/DailyRates/input_Save' is clicked on

2019-11-07 10:52:24 - [MESSAGE][PASSED] - Object: 'Object Repository/DailyRates/input_Save' is clicked on

2019-11-07 10:52:24 - [MESSAGE][PASSED] - Call Test Case 'Test Cases/DailyRates' successfully]]></system-out>
         <system-err><![CDATA[]]></system-err>
      </testcase>
      <testcase name="Test Cases/SD FLOW Advance Pay/SD FLOW from VENDOR/SD FLOW_Meeting_Vendor" time="31.373" classname="Test Cases/SD FLOW Advance Pay/SD FLOW from VENDOR/SD FLOW_Meeting_Vendor" status="PASSED">
         <system-out><![CDATA[2019-11-07 10:52:24 - [TEST_CASE][PASSED] - Test Cases/SD FLOW Advance Pay/SD FLOW from VENDOR/SD FLOW_Meeting_Vendor: Test Cases/SD FLOW Advance Pay/SD FLOW from VENDOR/SD FLOW_Meeting_Vendor

2019-11-07 10:52:25 - [TEST_STEP][PASSED] - pathWait = "/Waiters/WaitLoadingAnim_Element": null

2019-11-07 10:52:25 - [TEST_STEP][PASSED] - companyName = "ME/input_Company name": null

2019-11-07 10:52:25 - [TEST_STEP][PASSED] - contactName = "ME/input_Contact name": null

2019-11-07 10:52:25 - [TEST_STEP][PASSED] - materialSelect = "ME/Client Products/input_Materials": null

2019-11-07 10:52:25 - [TEST_STEP][PASSED] - meetingButton = "ME/button_Create Offer": null

2019-11-07 10:52:25 - [TEST_STEP][PASSED] - waitForElementVisible(findTestObject("MainDashboard/Nav_Menu_Top/a_SD"), 10): Object 'Object Repository/MainDashboard/Nav_Menu_Top/a_SD' is visible

2019-11-07 10:52:25 - [MESSAGE][PASSED] - Object 'Object Repository/MainDashboard/Nav_Menu_Top/a_SD' is visible

2019-11-07 10:52:25 - [TEST_STEP][PASSED] - mainDashboardSelections.Selectors.selectSDMeeting(): mainDashboardSelections.Selectors.selectSDMeeting is PASSED

2019-11-07 10:52:26 - [MESSAGE][PASSED] - Object: 'Object Repository/MainDashboard/Nav_Menu_Top/a_SD' is clicked on

2019-11-07 10:52:27 - [MESSAGE][PASSED] - Object: 'Object Repository/MainDashboard/Nav_Menu_Top/SD/a_Add New Meeting' is clicked on

2019-11-07 10:52:27 - [MESSAGE][PASSED] - mainDashboardSelections.Selectors.selectSDMeeting is PASSED

2019-11-07 10:52:27 - [TEST_STEP][PASSED] - waitForElementNotVisible(findTestObject(pathWait), 20): Object 'Object Repository//Waiters/WaitLoadingAnim_Element' is NOT visible

2019-11-07 10:52:28 - [MESSAGE][PASSED] - Object 'Object Repository//Waiters/WaitLoadingAnim_Element' is NOT visible

2019-11-07 10:52:28 - [TEST_STEP][PASSED] - delay(5): Delayed 5 second(s)

2019-11-07 10:52:33 - [MESSAGE][PASSED] - Delayed 5 second(s)

2019-11-07 10:52:33 - [TEST_STEP][PASSED] - selectOptionByLabel(findTestObject("ME/select_me_prio"), findTestData("DropDowns").getValue(1, 1), false): All options with label 'Low' are selected in object 'Object Repository/ME/select_me_prio' 

2019-11-07 10:52:34 - [MESSAGE][PASSED] - All options with label 'Low' are selected in object 'Object Repository/ME/select_me_prio' 

2019-11-07 10:52:34 - [TEST_STEP][PASSED] - click(findTestObject("ME/span_Company name")): Object: 'Object Repository/ME/span_Company name' is clicked on

2019-11-07 10:52:35 - [MESSAGE][PASSED] - Object: 'Object Repository/ME/span_Company name' is clicked on

2019-11-07 10:52:35 - [TEST_STEP][PASSED] - setText(findTestObject(companyName), findTestData("Clients").getValue(1, 2), STOP_ON_FAILURE): Text 'MEGA IMAGE' is set on object 'Object Repository/ME/input_Company name'

2019-11-07 10:52:36 - [MESSAGE][PASSED] - Text 'MEGA IMAGE' is set on object 'Object Repository/ME/input_Company name'

2019-11-07 10:52:36 - [TEST_STEP][PASSED] - sendKeys(findTestObject(companyName), Keys.chord(ENTER)): Keys 'ENTER + ' sent to object: 'Object Repository/ME/input_Company name'

2019-11-07 10:52:37 - [MESSAGE][PASSED] - Keys 'ENTER + ' sent to object: 'Object Repository/ME/input_Company name'

2019-11-07 10:52:37 - [TEST_STEP][PASSED] - click(findTestObject("ME/span_Contact name"), STOP_ON_FAILURE): Object: 'Object Repository/ME/span_Contact name' is clicked on

2019-11-07 10:52:38 - [MESSAGE][PASSED] - Object: 'Object Repository/ME/span_Contact name' is clicked on

2019-11-07 10:52:38 - [TEST_STEP][PASSED] - setText(findTestObject(contactName), "Ivanka Petrova"): Text 'Ivanka Petrova' is set on object 'Object Repository/ME/input_Contact name'

2019-11-07 10:52:40 - [MESSAGE][PASSED] - Text 'Ivanka Petrova' is set on object 'Object Repository/ME/input_Contact name'

2019-11-07 10:52:40 - [TEST_STEP][PASSED] - sendKeys(findTestObject(contactName), Keys.chord(ENTER)): Keys 'ENTER + ' sent to object: 'Object Repository/ME/input_Contact name'

2019-11-07 10:52:40 - [MESSAGE][PASSED] - Keys 'ENTER + ' sent to object: 'Object Repository/ME/input_Contact name'

2019-11-07 10:52:40 - [TEST_STEP][PASSED] - selectOptionByValue(findTestObject("ME/select_Meeting"), findTestData("DropDowns").getValue(2, 1), false): All options with value 'Meeting' are selected in object 'Object Repository/ME/select_Meeting' 

2019-11-07 10:52:42 - [MESSAGE][PASSED] - All options with value 'Meeting' are selected in object 'Object Repository/ME/select_Meeting' 

2019-11-07 10:52:42 - [TEST_STEP][PASSED] - selectOptionByValue(findTestObject("ME/select_Deal"), findTestData("DropDowns").getValue(3, 1), false): All options with value 'New Deal' are selected in object 'Object Repository/ME/select_Deal' 

2019-11-07 10:52:43 - [MESSAGE][PASSED] - All options with value 'New Deal' are selected in object 'Object Repository/ME/select_Deal' 

2019-11-07 10:52:43 - [TEST_STEP][PASSED] - selectOptionByValue(findTestObject("ME/select_Location"), findTestData("DropDowns").getValue(4, 1), false): All options with value 'Own Office' are selected in object 'Object Repository/ME/select_Location' 

2019-11-07 10:52:44 - [MESSAGE][PASSED] - All options with value 'Own Office' are selected in object 'Object Repository/ME/select_Location' 

2019-11-07 10:52:44 - [TEST_STEP][PASSED] - selectOptionByValue(findTestObject("ME/select_Opportunity"), findTestData("DropDowns").getValue(5, 1), false): All options with value 'High' are selected in object 'Object Repository/ME/select_Opportunity' 

2019-11-07 10:52:45 - [MESSAGE][PASSED] - All options with value 'High' are selected in object 'Object Repository/ME/select_Opportunity' 

2019-11-07 10:52:45 - [TEST_STEP][PASSED] - selectOptionByValue(findTestObject("ME/select_Purpose"), findTestData("DropDowns").getValue(6, 1), false): All options with value 'Offer' are selected in object 'Object Repository/ME/select_Purpose' 

2019-11-07 10:52:47 - [MESSAGE][PASSED] - All options with value 'Offer' are selected in object 'Object Repository/ME/select_Purpose' 

2019-11-07 10:52:47 - [TEST_STEP][PASSED] - dateNow = dates.DateGenerate.date(): dates.DateGenerate.date is PASSED

2019-11-07 10:52:47 - [MESSAGE][PASSED] - dates.DateGenerate.date is PASSED

2019-11-07 10:52:47 - [TEST_STEP][PASSED] - setText(findTestObject("ME/DatePick/input_Meeting date"), dateNow): Text '2019-11-07' is set on object 'Object Repository/ME/DatePick/input_Meeting date'

2019-11-07 10:52:47 - [MESSAGE][PASSED] - Text '2019-11-07' is set on object 'Object Repository/ME/DatePick/input_Meeting date'

2019-11-07 10:52:48 - [TEST_STEP][PASSED] - waitForElementVisible(findTestObject("ME/Client Products/span_Client interested in products"), 5): Object 'Object Repository/ME/Client Products/span_Client interested in products' is visible

2019-11-07 10:52:48 - [MESSAGE][PASSED] - Object 'Object Repository/ME/Client Products/span_Client interested in products' is visible

2019-11-07 10:52:48 - [TEST_STEP][PASSED] - setText(findTestObject("ME/Client Products/input_Quantty"), "5"): Text '5' is set on object 'Object Repository/ME/Client Products/input_Quantty'

2019-11-07 10:52:49 - [MESSAGE][PASSED] - Text '5' is set on object 'Object Repository/ME/Client Products/input_Quantty'

2019-11-07 10:52:49 - [TEST_STEP][PASSED] - click(findTestObject("ME/Client Products/span_Select material")): Object: 'Object Repository/ME/Client Products/span_Select material' is clicked on

2019-11-07 10:52:50 - [MESSAGE][PASSED] - Object: 'Object Repository/ME/Client Products/span_Select material' is clicked on

2019-11-07 10:52:50 - [TEST_STEP][PASSED] - setText(findTestObject(materialSelect), findTestData("Materials").getValue(1, 7)): Text 'EM Chardonnay PDO Nova Zagora ' is set on object 'Object Repository/ME/Client Products/input_Materials'

2019-11-07 10:52:51 - [MESSAGE][PASSED] - Text 'EM Chardonnay PDO Nova Zagora ' is set on object 'Object Repository/ME/Client Products/input_Materials'

2019-11-07 10:52:51 - [TEST_STEP][PASSED] - sendKeys(findTestObject(materialSelect), Keys.chord(ENTER)): Keys 'ENTER + ' sent to object: 'Object Repository/ME/Client Products/input_Materials'

2019-11-07 10:52:52 - [MESSAGE][PASSED] - Keys 'ENTER + ' sent to object: 'Object Repository/ME/Client Products/input_Materials'

2019-11-07 10:52:52 - [TEST_STEP][PASSED] - selectOptionByValue(findTestObject("ME/Client Products/select_DealTypeForMaterial"), findTestData("DropDowns").getValue(7, 1), false): All options with value 'Sale' are selected in object 'Object Repository/ME/Client Products/select_DealTypeForMaterial' 

2019-11-07 10:52:53 - [MESSAGE][PASSED] - All options with value 'Sale' are selected in object 'Object Repository/ME/Client Products/select_DealTypeForMaterial' 

2019-11-07 10:52:53 - [TEST_STEP][PASSED] - setText(findTestObject("ME/textarea_Comment"), "This will be from VENDOR ONLY"): Text 'This will be from VENDOR ONLY' is set on object 'Object Repository/ME/textarea_Comment'

2019-11-07 10:52:54 - [MESSAGE][PASSED] - Text 'This will be from VENDOR ONLY' is set on object 'Object Repository/ME/textarea_Comment'

2019-11-07 10:52:54 - [TEST_STEP][PASSED] - scrollToElement(findTestObject(meetingButton), 20): Scroll to object 'Object Repository/ME/button_Create Offer' successfully

2019-11-07 10:52:54 - [MESSAGE][PASSED] - Scroll to object 'Object Repository/ME/button_Create Offer' successfully

2019-11-07 10:52:54 - [TEST_STEP][PASSED] - click(findTestObject(meetingButton)): Object: 'Object Repository/ME/button_Create Offer' is clicked on

2019-11-07 10:52:55 - [MESSAGE][PASSED] - Object: 'Object Repository/ME/button_Create Offer' is clicked on

2019-11-07 10:52:55 - [TEST_STEP][PASSED] - waitForElementNotVisible(findTestObject(pathWait), 20): Object 'Object Repository//Waiters/WaitLoadingAnim_Element' is NOT visible

2019-11-07 10:52:56 - [MESSAGE][PASSED] - Object 'Object Repository//Waiters/WaitLoadingAnim_Element' is NOT visible

2019-11-07 10:52:56 - [TEST_STEP][PASSED] - scrollToPosition(0, 0): Browser is scrolled to position x = 0, y = 0

2019-11-07 10:52:56 - [MESSAGE][PASSED] - Browser is scrolled to position x = 0, y = 0]]></system-out>
         <system-err><![CDATA[]]></system-err>
      </testcase>
      <testcase name="Test Cases/SD FLOW Advance Pay/SD FLOW from VENDOR/SD FLOW_Offer" time="26.959" classname="Test Cases/SD FLOW Advance Pay/SD FLOW from VENDOR/SD FLOW_Offer" status="PASSED">
         <system-out><![CDATA[2019-11-07 10:52:56 - [TEST_CASE][PASSED] - Test Cases/SD FLOW Advance Pay/SD FLOW from VENDOR/SD FLOW_Offer: Test Cases/SD FLOW Advance Pay/SD FLOW from VENDOR/SD FLOW_Offer

2019-11-07 10:52:56 - [TEST_STEP][PASSED] - waitLoad = "Waiters/WaitLoadingAnim_Element": null

2019-11-07 10:52:56 - [TEST_STEP][PASSED] - waitFirstButton = "Waiters/WaitButton_Element": null

2019-11-07 10:52:56 - [TEST_STEP][PASSED] - waitOpen = "OF/Status Open/input_Sale Offer_Open": null

2019-11-07 10:52:56 - [TEST_STEP][PASSED] - waitForElementNotVisible(findTestObject(waitLoad), 20): Object 'Object Repository/Waiters/WaitLoadingAnim_Element' is NOT visible

2019-11-07 10:52:56 - [MESSAGE][PASSED] - Object 'Object Repository/Waiters/WaitLoadingAnim_Element' is NOT visible

2019-11-07 10:52:56 - [TEST_STEP][PASSED] - waitForElementVisible(findTestObject(waitFirstButton), 20): Object 'Object Repository/Waiters/WaitButton_Element' is visible

2019-11-07 10:53:01 - [MESSAGE][PASSED] - Object 'Object Repository/Waiters/WaitButton_Element' is visible

2019-11-07 10:53:01 - [TEST_STEP][PASSED] - linkers.Link_SD_FLOW_VENDOR.offer(): linkers.Link_SD_FLOW_VENDOR.offer is PASSED

2019-11-07 10:53:05 - [MESSAGE][PASSED] - linkers.Link_SD_FLOW_VENDOR.offer is PASSED

2019-11-07 10:53:05 - [TEST_STEP][PASSED] - waitForElementNotVisible(findTestObject(waitLoad), 20): Object 'Object Repository/Waiters/WaitLoadingAnim_Element' is NOT visible

2019-11-07 10:53:07 - [MESSAGE][PASSED] - Object 'Object Repository/Waiters/WaitLoadingAnim_Element' is NOT visible

2019-11-07 10:53:07 - [TEST_STEP][PASSED] - waitForElementVisible(findTestObject(waitOpen), 20): Object 'Object Repository/OF/Status Open/input_Sale Offer_Open' is visible

2019-11-07 10:53:07 - [MESSAGE][PASSED] - Object 'Object Repository/OF/Status Open/input_Sale Offer_Open' is visible

2019-11-07 10:53:07 - [TEST_STEP][PASSED] - waitForElementClickable(findTestObject(waitOpen), 20): Object 'Object Repository/OF/Status Open/input_Sale Offer_Open' is clickable

2019-11-07 10:53:08 - [MESSAGE][PASSED] - Object 'Object Repository/OF/Status Open/input_Sale Offer_Open' is clickable

2019-11-07 10:53:08 - [TEST_STEP][PASSED] - click(findTestObject(waitOpen)): Object: 'Object Repository/OF/Status Open/input_Sale Offer_Open' is clicked on

2019-11-07 10:53:09 - [MESSAGE][PASSED] - Object: 'Object Repository/OF/Status Open/input_Sale Offer_Open' is clicked on

2019-11-07 10:53:09 - [TEST_STEP][PASSED] - waitForElementNotVisible(findTestObject(waitLoad), 20): Object 'Object Repository/Waiters/WaitLoadingAnim_Element' is NOT visible

2019-11-07 10:53:09 - [MESSAGE][PASSED] - Object 'Object Repository/Waiters/WaitLoadingAnim_Element' is NOT visible

2019-11-07 10:53:09 - [TEST_STEP][PASSED] - date = dates.DateGenerate.dateWeek(): dates.DateGenerate.dateWeek is PASSED

2019-11-07 10:53:09 - [MESSAGE][PASSED] - dates.DateGenerate.dateWeek is PASSED

2019-11-07 10:53:09 - [TEST_STEP][PASSED] - sendKeys(findTestObject("OF/Status In Progress/input_Offer Validity_Date"), date): Keys '2019-11-14' sent to object: 'Object Repository/OF/Status In Progress/input_Offer Validity_Date'

2019-11-07 10:53:10 - [MESSAGE][PASSED] - Keys '2019-11-14' sent to object: 'Object Repository/OF/Status In Progress/input_Offer Validity_Date'

2019-11-07 10:53:10 - [TEST_STEP][NOT_RUN] - sendKeys(findTestObject("OF/Status In Progress/input_Discount"), ""): NOT_RUN: sendKeys(findTestObject("OF/Status In Progress/input_Discount"), "")

2019-11-07 10:53:10 - [MESSAGE][NOT_RUN] - NOT_RUN: sendKeys(findTestObject("OF/Status In Progress/input_Discount"), "")

2019-11-07 10:53:10 - [TEST_STEP][PASSED] - sendKeys(findTestObject("OF/Status In Progress/input_Advance - Pay"), "50"): Keys '50' sent to object: 'Object Repository/OF/Status In Progress/input_Advance - Pay'

2019-11-07 10:53:11 - [MESSAGE][PASSED] - Keys '50' sent to object: 'Object Repository/OF/Status In Progress/input_Advance - Pay'

2019-11-07 10:53:11 - [TEST_STEP][PASSED] - dateAdvance = dates.DateGenerate.dateWeek(): dates.DateGenerate.dateWeek is PASSED

2019-11-07 10:53:11 - [MESSAGE][PASSED] - dates.DateGenerate.dateWeek is PASSED

2019-11-07 10:53:11 - [TEST_STEP][PASSED] - sendKeys(findTestObject("OF/Status In Progress/input_First Advance Payment (deadline)"), dateAdvance): Keys '2019-11-14' sent to object: 'Object Repository/OF/Status In Progress/input_First Advance Payment (deadline)'

2019-11-07 10:53:12 - [MESSAGE][PASSED] - Keys '2019-11-14' sent to object: 'Object Repository/OF/Status In Progress/input_First Advance Payment (deadline)'

2019-11-07 10:53:12 - [TEST_STEP][PASSED] - selectOptionByIndex(findTestObject("OF/Status In Progress/select_Installments"), 5): All options with index in [5] are selected on object 'Object Repository/OF/Status In Progress/select_Installments'

2019-11-07 10:53:14 - [MESSAGE][PASSED] - All options with index in [5] are selected on object 'Object Repository/OF/Status In Progress/select_Installments'

2019-11-07 10:53:14 - [TEST_STEP][NOT_RUN] - sendKeys(findTestObject("OF/Status In Progress/input_Interest"), ""): NOT_RUN: sendKeys(findTestObject("OF/Status In Progress/input_Interest"), "")

2019-11-07 10:53:14 - [MESSAGE][NOT_RUN] - NOT_RUN: sendKeys(findTestObject("OF/Status In Progress/input_Interest"), "")

2019-11-07 10:53:14 - [TEST_STEP][PASSED] - click(findTestObject("OF/Status In Progress/Calculate")): Object: 'Object Repository/OF/Status In Progress/Calculate' is clicked on

2019-11-07 10:53:15 - [MESSAGE][PASSED] - Object: 'Object Repository/OF/Status In Progress/Calculate' is clicked on

2019-11-07 10:53:15 - [TEST_STEP][PASSED] - checkers.RadioButton.OwnCompany(): checkers.RadioButton.OwnCompany is PASSED

2019-11-07 10:53:15 - [MESSAGE][PASSED] - Actual text and expected text of test object 'Object Repository/OF/Status In Progress/Radio buttons/span_Own Companies' are matched.

2019-11-07 10:53:16 - [MESSAGE][PASSED] - Object 'Object Repository/OF/Status In Progress/Radio buttons/input_Own Companies' is checked

2019-11-07 10:53:16 - [MESSAGE][PASSED] - checkers.RadioButton.OwnCompany is PASSED

2019-11-07 10:53:16 - [TEST_STEP][PASSED] - selectOptionByIndex(findTestObject("OF/Status In Progress/select_Company"), 1): All options with index in [1] are selected on object 'Object Repository/OF/Status In Progress/select_Company'

2019-11-07 10:53:18 - [MESSAGE][PASSED] - All options with index in [1] are selected on object 'Object Repository/OF/Status In Progress/select_Company'

2019-11-07 10:53:18 - [TEST_STEP][PASSED] - checkers.RadioButton.Warehouse(): checkers.RadioButton.Warehouse is PASSED

2019-11-07 10:53:19 - [MESSAGE][PASSED] - Actual text and expected text of test object 'Object Repository/OF/Status In Progress/Radio buttons/span_Warehouse' are matched.

2019-11-07 10:53:19 - [MESSAGE][PASSED] - Object 'Object Repository/OF/Status In Progress/Radio buttons/input_Warehouse' is checked

2019-11-07 10:53:19 - [MESSAGE][PASSED] - checkers.RadioButton.Warehouse is PASSED

2019-11-07 10:53:19 - [TEST_STEP][PASSED] - selectOptionByValue(findTestObject("OF/Status In Progress/Warehouse/select_Warehouse"), findTestData("Warehouses").getValue(1, 4), false): All options with value '4' are selected in object 'Object Repository/OF/Status In Progress/Warehouse/select_Warehouse' 

2019-11-07 10:53:20 - [MESSAGE][PASSED] - All options with value '4' are selected in object 'Object Repository/OF/Status In Progress/Warehouse/select_Warehouse' 

2019-11-07 10:53:20 - [TEST_STEP][PASSED] - click(findTestObject("OF/Status In Progress/input_Sale Offer_SendForConfirmation")): Object: 'Object Repository/OF/Status In Progress/input_Sale Offer_SendForConfirmation' is clicked on

2019-11-07 10:53:21 - [MESSAGE][PASSED] - Object: 'Object Repository/OF/Status In Progress/input_Sale Offer_SendForConfirmation' is clicked on

2019-11-07 10:53:21 - [TEST_STEP][PASSED] - waitForElementNotVisible(findTestObject(waitLoad), 20): Object 'Object Repository/Waiters/WaitLoadingAnim_Element' is NOT visible

2019-11-07 10:53:23 - [MESSAGE][PASSED] - Object 'Object Repository/Waiters/WaitLoadingAnim_Element' is NOT visible]]></system-out>
         <system-err><![CDATA[]]></system-err>
      </testcase>
      <testcase name="Test Cases/SD FLOW Advance Pay/SD FLOW from VENDOR/SD FLOW_Offer_Confirmations" time="34.998" classname="Test Cases/SD FLOW Advance Pay/SD FLOW from VENDOR/SD FLOW_Offer_Confirmations" status="PASSED">
         <system-out><![CDATA[2019-11-07 10:53:23 - [TEST_CASE][PASSED] - Test Cases/SD FLOW Advance Pay/SD FLOW from VENDOR/SD FLOW_Offer_Confirmations: Test Cases/SD FLOW Advance Pay/SD FLOW from VENDOR/SD FLOW_Offer_Confirmations

2019-11-07 10:53:23 - [TEST_STEP][PASSED] - waitLoad = "Waiters/WaitLoadingAnim_Element": null

2019-11-07 10:53:23 - [TEST_STEP][PASSED] - waitButton = "Waiters/WaitButton_Element": null

2019-11-07 10:53:23 - [TEST_STEP][PASSED] - waitDirector = "OF/Status Sale Confirmation/Sale Director/input_Sale Offer_director": null

2019-11-07 10:53:23 - [TEST_STEP][PASSED] - waitRODirector = "OF/Status Sale Confirmation/EGT Romania Director/input_Sale Offer_RODirector": null

2019-11-07 10:53:23 - [TEST_STEP][PASSED] - waitBGDirector = "OF/Status Sale Confirmation/EGT Bulgaria Director/input_Sale Offer_BGDirector": null

2019-11-07 10:53:23 - [TEST_STEP][PASSED] - waitClient = "OF/Status Sale Confirmation/Client/input_Sale Offer_Client": null

2019-11-07 10:53:23 - [TEST_STEP][PASSED] - waitForElementNotVisible(findTestObject(waitLoad), 20): Object 'Object Repository/Waiters/WaitLoadingAnim_Element' is NOT visible

2019-11-07 10:53:24 - [MESSAGE][PASSED] - Object 'Object Repository/Waiters/WaitLoadingAnim_Element' is NOT visible

2019-11-07 10:53:24 - [TEST_STEP][PASSED] - waitForElementVisible(findTestObject(waitButton), 20): Object 'Object Repository/Waiters/WaitButton_Element' is visible

2019-11-07 10:53:25 - [MESSAGE][PASSED] - Object 'Object Repository/Waiters/WaitButton_Element' is visible

2019-11-07 10:53:25 - [TEST_STEP][PASSED] - waitForElementVisible(findTestObject(waitButton), 20): Object 'Object Repository/Waiters/WaitButton_Element' is visible

2019-11-07 10:53:25 - [MESSAGE][PASSED] - Object 'Object Repository/Waiters/WaitButton_Element' is visible

2019-11-07 10:53:25 - [TEST_STEP][PASSED] - linkers.Link_SD_FLOW_VENDOR.offer(): linkers.Link_SD_FLOW_VENDOR.offer is PASSED

2019-11-07 10:53:27 - [MESSAGE][PASSED] - linkers.Link_SD_FLOW_VENDOR.offer is PASSED

2019-11-07 10:53:27 - [TEST_STEP][PASSED] - waitForElementNotVisible(findTestObject(waitLoad), 20): Object 'Object Repository/Waiters/WaitLoadingAnim_Element' is NOT visible

2019-11-07 10:53:29 - [MESSAGE][PASSED] - Object 'Object Repository/Waiters/WaitLoadingAnim_Element' is NOT visible

2019-11-07 10:53:29 - [TEST_STEP][PASSED] - waitForElementVisible(findTestObject(waitDirector), 20): Object 'Object Repository/OF/Status Sale Confirmation/Sale Director/input_Sale Offer_director' is visible

2019-11-07 10:53:29 - [MESSAGE][PASSED] - Object 'Object Repository/OF/Status Sale Confirmation/Sale Director/input_Sale Offer_director' is visible

2019-11-07 10:53:29 - [TEST_STEP][PASSED] - waitForElementClickable(findTestObject(waitDirector), 20): Object 'Object Repository/OF/Status Sale Confirmation/Sale Director/input_Sale Offer_director' is clickable

2019-11-07 10:53:30 - [MESSAGE][PASSED] - Object 'Object Repository/OF/Status Sale Confirmation/Sale Director/input_Sale Offer_director' is clickable

2019-11-07 10:53:30 - [TEST_STEP][PASSED] - click(findTestObject(waitDirector)): Object: 'Object Repository/OF/Status Sale Confirmation/Sale Director/input_Sale Offer_director' is clicked on

2019-11-07 10:53:30 - [MESSAGE][PASSED] - Object: 'Object Repository/OF/Status Sale Confirmation/Sale Director/input_Sale Offer_director' is clicked on

2019-11-07 10:53:30 - [TEST_STEP][PASSED] - waitForElementNotVisible(findTestObject(waitLoad), 20): Object 'Object Repository/Waiters/WaitLoadingAnim_Element' is NOT visible

2019-11-07 10:53:32 - [MESSAGE][PASSED] - Object 'Object Repository/Waiters/WaitLoadingAnim_Element' is NOT visible

2019-11-07 10:53:32 - [TEST_STEP][PASSED] - waitForElementVisible(findTestObject(waitButton), 20): Object 'Object Repository/Waiters/WaitButton_Element' is visible

2019-11-07 10:53:32 - [MESSAGE][PASSED] - Object 'Object Repository/Waiters/WaitButton_Element' is visible

2019-11-07 10:53:32 - [TEST_STEP][PASSED] - linkers.Link_SD_FLOW_VENDOR.offer(): linkers.Link_SD_FLOW_VENDOR.offer is PASSED

2019-11-07 10:53:34 - [MESSAGE][PASSED] - linkers.Link_SD_FLOW_VENDOR.offer is PASSED

2019-11-07 10:53:34 - [TEST_STEP][PASSED] - waitForElementNotVisible(findTestObject(waitLoad), 20): Object 'Object Repository/Waiters/WaitLoadingAnim_Element' is NOT visible

2019-11-07 10:53:36 - [MESSAGE][PASSED] - Object 'Object Repository/Waiters/WaitLoadingAnim_Element' is NOT visible

2019-11-07 10:53:36 - [TEST_STEP][PASSED] - waitForElementVisible(findTestObject(waitRODirector), 20): Object 'Object Repository/OF/Status Sale Confirmation/EGT Romania Director/input_Sale Offer_RODirector' is visible

2019-11-07 10:53:37 - [MESSAGE][PASSED] - Object 'Object Repository/OF/Status Sale Confirmation/EGT Romania Director/input_Sale Offer_RODirector' is visible

2019-11-07 10:53:37 - [TEST_STEP][PASSED] - waitForElementClickable(findTestObject(waitRODirector), 20): Object 'Object Repository/OF/Status Sale Confirmation/EGT Romania Director/input_Sale Offer_RODirector' is clickable

2019-11-07 10:53:37 - [MESSAGE][PASSED] - Object 'Object Repository/OF/Status Sale Confirmation/EGT Romania Director/input_Sale Offer_RODirector' is clickable

2019-11-07 10:53:37 - [TEST_STEP][PASSED] - click(findTestObject(waitRODirector)): Object: 'Object Repository/OF/Status Sale Confirmation/EGT Romania Director/input_Sale Offer_RODirector' is clicked on

2019-11-07 10:53:38 - [MESSAGE][PASSED] - Object: 'Object Repository/OF/Status Sale Confirmation/EGT Romania Director/input_Sale Offer_RODirector' is clicked on

2019-11-07 10:53:38 - [TEST_STEP][PASSED] - waitForElementNotVisible(findTestObject(waitLoad), 20): Object 'Object Repository/Waiters/WaitLoadingAnim_Element' is NOT visible

2019-11-07 10:53:40 - [MESSAGE][PASSED] - Object 'Object Repository/Waiters/WaitLoadingAnim_Element' is NOT visible

2019-11-07 10:53:40 - [TEST_STEP][PASSED] - waitForElementVisible(findTestObject(waitButton), 20): Object 'Object Repository/Waiters/WaitButton_Element' is visible

2019-11-07 10:53:40 - [MESSAGE][PASSED] - Object 'Object Repository/Waiters/WaitButton_Element' is visible

2019-11-07 10:53:40 - [TEST_STEP][PASSED] - waitForElementVisible(findTestObject(waitButton), 20): Object 'Object Repository/Waiters/WaitButton_Element' is visible

2019-11-07 10:53:41 - [MESSAGE][PASSED] - Object 'Object Repository/Waiters/WaitButton_Element' is visible

2019-11-07 10:53:41 - [TEST_STEP][PASSED] - linkers.Link_SD_FLOW_VENDOR.offer(): linkers.Link_SD_FLOW_VENDOR.offer is PASSED

2019-11-07 10:53:43 - [MESSAGE][PASSED] - linkers.Link_SD_FLOW_VENDOR.offer is PASSED

2019-11-07 10:53:43 - [TEST_STEP][PASSED] - waitForElementNotVisible(findTestObject(waitLoad), 20): Object 'Object Repository/Waiters/WaitLoadingAnim_Element' is NOT visible

2019-11-07 10:53:45 - [MESSAGE][PASSED] - Object 'Object Repository/Waiters/WaitLoadingAnim_Element' is NOT visible

2019-11-07 10:53:45 - [TEST_STEP][PASSED] - waitForElementVisible(findTestObject(waitBGDirector), 20): Object 'Object Repository/OF/Status Sale Confirmation/EGT Bulgaria Director/input_Sale Offer_BGDirector' is visible

2019-11-07 10:53:46 - [MESSAGE][PASSED] - Object 'Object Repository/OF/Status Sale Confirmation/EGT Bulgaria Director/input_Sale Offer_BGDirector' is visible

2019-11-07 10:53:46 - [TEST_STEP][PASSED] - waitForElementClickable(findTestObject(waitBGDirector), 20): Object 'Object Repository/OF/Status Sale Confirmation/EGT Bulgaria Director/input_Sale Offer_BGDirector' is clickable

2019-11-07 10:53:46 - [MESSAGE][PASSED] - Object 'Object Repository/OF/Status Sale Confirmation/EGT Bulgaria Director/input_Sale Offer_BGDirector' is clickable

2019-11-07 10:53:46 - [TEST_STEP][PASSED] - click(findTestObject(waitBGDirector)): Object: 'Object Repository/OF/Status Sale Confirmation/EGT Bulgaria Director/input_Sale Offer_BGDirector' is clicked on

2019-11-07 10:53:47 - [MESSAGE][PASSED] - Object: 'Object Repository/OF/Status Sale Confirmation/EGT Bulgaria Director/input_Sale Offer_BGDirector' is clicked on

2019-11-07 10:53:47 - [TEST_STEP][PASSED] - waitForElementNotVisible(findTestObject(waitLoad), 20): Object 'Object Repository/Waiters/WaitLoadingAnim_Element' is NOT visible

2019-11-07 10:53:49 - [MESSAGE][PASSED] - Object 'Object Repository/Waiters/WaitLoadingAnim_Element' is NOT visible

2019-11-07 10:53:49 - [TEST_STEP][PASSED] - waitForElementVisible(findTestObject(waitButton), 20): Object 'Object Repository/Waiters/WaitButton_Element' is visible

2019-11-07 10:53:50 - [MESSAGE][PASSED] - Object 'Object Repository/Waiters/WaitButton_Element' is visible

2019-11-07 10:53:50 - [TEST_STEP][PASSED] - waitForElementClickable(findTestObject(waitButton), 20): Object 'Object Repository/Waiters/WaitButton_Element' is clickable

2019-11-07 10:53:50 - [MESSAGE][PASSED] - Object 'Object Repository/Waiters/WaitButton_Element' is clickable

2019-11-07 10:53:50 - [TEST_STEP][PASSED] - delay(1): Delayed 1 second(s)

2019-11-07 10:53:51 - [MESSAGE][PASSED] - Delayed 1 second(s)

2019-11-07 10:53:51 - [TEST_STEP][PASSED] - linkers.Link_SD_FLOW_VENDOR.offer(): linkers.Link_SD_FLOW_VENDOR.offer is PASSED

2019-11-07 10:53:54 - [MESSAGE][PASSED] - linkers.Link_SD_FLOW_VENDOR.offer is PASSED

2019-11-07 10:53:54 - [TEST_STEP][PASSED] - waitForElementNotVisible(findTestObject(waitLoad), 20): Object 'Object Repository/Waiters/WaitLoadingAnim_Element' is NOT visible

2019-11-07 10:53:56 - [MESSAGE][PASSED] - Object 'Object Repository/Waiters/WaitLoadingAnim_Element' is NOT visible

2019-11-07 10:53:56 - [TEST_STEP][PASSED] - waitForElementVisible(findTestObject(waitClient), 20): Object 'Object Repository/OF/Status Sale Confirmation/Client/input_Sale Offer_Client' is visible

2019-11-07 10:53:57 - [MESSAGE][PASSED] - Object 'Object Repository/OF/Status Sale Confirmation/Client/input_Sale Offer_Client' is visible

2019-11-07 10:53:57 - [TEST_STEP][PASSED] - waitForElementClickable(findTestObject(waitClient), 20): Object 'Object Repository/OF/Status Sale Confirmation/Client/input_Sale Offer_Client' is clickable

2019-11-07 10:53:57 - [MESSAGE][PASSED] - Object 'Object Repository/OF/Status Sale Confirmation/Client/input_Sale Offer_Client' is clickable

2019-11-07 10:53:57 - [TEST_STEP][PASSED] - click(findTestObject(waitClient)): Object: 'Object Repository/OF/Status Sale Confirmation/Client/input_Sale Offer_Client' is clicked on

2019-11-07 10:53:58 - [MESSAGE][PASSED] - Object: 'Object Repository/OF/Status Sale Confirmation/Client/input_Sale Offer_Client' is clicked on]]></system-out>
         <system-err><![CDATA[]]></system-err>
      </testcase>
      <testcase name="Test Cases/SD FLOW Advance Pay/SD FLOW from VENDOR/SD FLOW_Offer_Archive" time="6.41" classname="Test Cases/SD FLOW Advance Pay/SD FLOW from VENDOR/SD FLOW_Offer_Archive" status="PASSED">
         <system-out><![CDATA[2019-11-07 10:53:58 - [TEST_CASE][PASSED] - Test Cases/SD FLOW Advance Pay/SD FLOW from VENDOR/SD FLOW_Offer_Archive: Test Cases/SD FLOW Advance Pay/SD FLOW from VENDOR/SD FLOW_Offer_Archive

2019-11-07 10:53:58 - [TEST_STEP][PASSED] - waitLoad = "Waiters/WaitLoadingAnim_Element": null

2019-11-07 10:53:58 - [TEST_STEP][PASSED] - waitButton = "Waiters/WaitButton_Element": null

2019-11-07 10:53:58 - [TEST_STEP][PASSED] - waitForElementNotVisible(findTestObject(waitLoad), 20): Object 'Object Repository/Waiters/WaitLoadingAnim_Element' is NOT visible

2019-11-07 10:54:00 - [MESSAGE][PASSED] - Object 'Object Repository/Waiters/WaitLoadingAnim_Element' is NOT visible

2019-11-07 10:54:00 - [TEST_STEP][PASSED] - waitForElementVisible(findTestObject(waitButton), 20): Object 'Object Repository/Waiters/WaitButton_Element' is visible

2019-11-07 10:54:00 - [MESSAGE][PASSED] - Object 'Object Repository/Waiters/WaitButton_Element' is visible

2019-11-07 10:54:00 - [TEST_STEP][PASSED] - linkers.Link_SD_FLOW_VENDOR.offer(): linkers.Link_SD_FLOW_VENDOR.offer is PASSED

2019-11-07 10:54:02 - [MESSAGE][PASSED] - linkers.Link_SD_FLOW_VENDOR.offer is PASSED

2019-11-07 10:54:02 - [TEST_STEP][PASSED] - waitForElementNotVisible(findTestObject(waitLoad), 20): Object 'Object Repository/Waiters/WaitLoadingAnim_Element' is NOT visible

2019-11-07 10:54:04 - [MESSAGE][PASSED] - Object 'Object Repository/Waiters/WaitLoadingAnim_Element' is NOT visible

2019-11-07 10:54:04 - [TEST_STEP][PASSED] - click(findTestObject("OF/Status Archiving/input_Sale_Offer_Close")): Object: 'Object Repository/OF/Status Archiving/input_Sale_Offer_Close' is clicked on

2019-11-07 10:54:04 - [MESSAGE][PASSED] - Object: 'Object Repository/OF/Status Archiving/input_Sale_Offer_Close' is clicked on]]></system-out>
         <system-err><![CDATA[]]></system-err>
      </testcase>
      <testcase name="Test Cases/SD FLOW Advance Pay/SD FLOW from VENDOR/SD FLOW_BR_Advance_and_BI" time="45.303" classname="Test Cases/SD FLOW Advance Pay/SD FLOW from VENDOR/SD FLOW_BR_Advance_and_BI" status="PASSED">
         <system-out><![CDATA[2019-11-07 10:54:04 - [TEST_CASE][PASSED] - Test Cases/SD FLOW Advance Pay/SD FLOW from VENDOR/SD FLOW_BR_Advance_and_BI: Test Cases/SD FLOW Advance Pay/SD FLOW from VENDOR/SD FLOW_BR_Advance_and_BI

2019-11-07 10:54:04 - [TEST_STEP][PASSED] - waitLoad = "Waiters/WaitLoadingAnim_Element": null

2019-11-07 10:54:04 - [TEST_STEP][PASSED] - waitButton = "Waiters/WaitBRButton_Element": null

2019-11-07 10:54:04 - [TEST_STEP][PASSED] - driver = getWebDriver(): null

2019-11-07 10:54:04 - [TEST_STEP][PASSED] - waitForElementNotVisible(findTestObject(waitLoad), 20): Object 'Object Repository/Waiters/WaitLoadingAnim_Element' is NOT visible

2019-11-07 10:54:06 - [MESSAGE][PASSED] - Object 'Object Repository/Waiters/WaitLoadingAnim_Element' is NOT visible

2019-11-07 10:54:06 - [TEST_STEP][PASSED] - scrollToPosition(0, 0): Browser is scrolled to position x = 0, y = 0

2019-11-07 10:54:06 - [MESSAGE][PASSED] - Browser is scrolled to position x = 0, y = 0

2019-11-07 10:54:06 - [TEST_STEP][PASSED] - waitForElementVisible(findTestObject(waitLoad), 20): Object 'Object Repository/Waiters/WaitLoadingAnim_Element' is not visible after 20 second(s)

2019-11-07 10:54:27 - [MESSAGE][WARNING] - Object 'Object Repository/Waiters/WaitLoadingAnim_Element' is not visible after 20 second(s)

2019-11-07 10:54:27 - [TEST_STEP][PASSED] - plus = xpath(" /html/body/div[4]/div[3]/div/div/ul[29]/li/div/button/b")).click(): null

2019-11-07 10:54:28 - [TEST_STEP][PASSED] - waitForElementVisible(findTestObject("Waiters/WaitBillingReq_Element"), 20): Object 'Object Repository/Waiters/WaitBillingReq_Element' is visible

2019-11-07 10:54:29 - [MESSAGE][PASSED] - Object 'Object Repository/Waiters/WaitBillingReq_Element' is visible

2019-11-07 10:54:29 - [TEST_STEP][PASSED] - billing = xpath("/html/body/div[4]/div[3]/div/div/ul[29]/li/ul/li[1]/div/a")).click(): null

2019-11-07 10:54:29 - [TEST_STEP][PASSED] - waitForElementNotVisible(findTestObject(waitLoad), 20): Object 'Object Repository/Waiters/WaitLoadingAnim_Element' is NOT visible

2019-11-07 10:54:31 - [MESSAGE][PASSED] - Object 'Object Repository/Waiters/WaitLoadingAnim_Element' is NOT visible

2019-11-07 10:54:31 - [TEST_STEP][PASSED] - waitForElementVisible(findTestObject(waitButton), 20): Object 'Object Repository/Waiters/WaitBRButton_Element' is visible

2019-11-07 10:54:32 - [MESSAGE][PASSED] - Object 'Object Repository/Waiters/WaitBRButton_Element' is visible

2019-11-07 10:54:32 - [TEST_STEP][PASSED] - linkers.Link_SD_FLOW_VENDOR.billing_request(): linkers.Link_SD_FLOW_VENDOR.billing_request is PASSED

2019-11-07 10:54:34 - [MESSAGE][PASSED] - linkers.Link_SD_FLOW_VENDOR.billing_request is PASSED

2019-11-07 10:54:34 - [TEST_STEP][PASSED] - waitForElementNotVisible(findTestObject(waitLoad), 20, CONTINUE_ON_FAILURE): Object 'Object Repository/Waiters/WaitLoadingAnim_Element' is NOT visible

2019-11-07 10:54:35 - [MESSAGE][PASSED] - Object 'Object Repository/Waiters/WaitLoadingAnim_Element' is NOT visible

2019-11-07 10:54:35 - [TEST_STEP][PASSED] - waitForElementVisible(findTestObject("Waiters/WaitBRCheckbox_Element"), 20): Object 'Object Repository/Waiters/WaitBRCheckbox_Element' is visible

2019-11-07 10:54:35 - [MESSAGE][PASSED] - Object 'Object Repository/Waiters/WaitBRCheckbox_Element' is visible

2019-11-07 10:54:35 - [TEST_STEP][PASSED] - selectOptionByLabel(findTestObject("BR/select_Generate Billing"), findTestData("DropDowns").getValue(8, 1), false): All options with label 'Generate Billing' are selected in object 'Object Repository/BR/select_Generate Billing' 

2019-11-07 10:54:36 - [MESSAGE][PASSED] - All options with label 'Generate Billing' are selected in object 'Object Repository/BR/select_Generate Billing' 

2019-11-07 10:54:36 - [TEST_STEP][PASSED] - click(findTestObject("BR/input_InProgress")): Object: 'Object Repository/BR/input_InProgress' is clicked on

2019-11-07 10:54:38 - [MESSAGE][PASSED] - Object: 'Object Repository/BR/input_InProgress' is clicked on

2019-11-07 10:54:38 - [TEST_STEP][PASSED] - waitForElementNotVisible(findTestObject(waitLoad), 20): Object 'Object Repository/Waiters/WaitLoadingAnim_Element' is NOT visible

2019-11-07 10:54:40 - [MESSAGE][PASSED] - Object 'Object Repository/Waiters/WaitLoadingAnim_Element' is NOT visible

2019-11-07 10:54:40 - [TEST_STEP][PASSED] - setText(findTestObject("BI/input__form_invoiceNR"), String.valueOf(Math.abs(Random().nextInt() % 9999) + 1)): Text '5463' is set on object 'Object Repository/BI/input__form_invoiceNR'

2019-11-07 10:54:40 - [MESSAGE][PASSED] - Text '5463' is set on object 'Object Repository/BI/input__form_invoiceNR'

2019-11-07 10:54:40 - [TEST_STEP][PASSED] - dateNow = dates.DateGenerate.date(): dates.DateGenerate.date is PASSED

2019-11-07 10:54:40 - [MESSAGE][PASSED] - dates.DateGenerate.date is PASSED

2019-11-07 10:54:40 - [TEST_STEP][PASSED] - setText(findTestObject("BI/input__form_DATE"), dateNow): Text '2019-11-07' is set on object 'Object Repository/BI/input__form_DATE'

2019-11-07 10:54:41 - [MESSAGE][PASSED] - Text '2019-11-07' is set on object 'Object Repository/BI/input__form_DATE'

2019-11-07 10:54:41 - [TEST_STEP][PASSED] - selectOptionByLabel(findTestObject("BI/select_incomeType"), "Sales Incomes", false): All options with label 'Sales Incomes' are selected in object 'Object Repository/BI/select_incomeType' 

2019-11-07 10:54:42 - [MESSAGE][PASSED] - All options with label 'Sales Incomes' are selected in object 'Object Repository/BI/select_incomeType' 

2019-11-07 10:54:42 - [TEST_STEP][PASSED] - selectOptionByLabel(findTestObject("BI/select_transactionDetails"), "Advance Sales", false): All options with label 'Advance Sales' are selected in object 'Object Repository/BI/select_transactionDetails' 

2019-11-07 10:54:43 - [MESSAGE][PASSED] - All options with label 'Advance Sales' are selected in object 'Object Repository/BI/select_transactionDetails' 

2019-11-07 10:54:43 - [TEST_STEP][PASSED] - selectOptionByLabel(findTestObject("BI/select_cashBox"), "ING Bank", false): All options with label 'ING Bank' are selected in object 'Object Repository/BI/select_cashBox' 

2019-11-07 10:54:44 - [MESSAGE][PASSED] - All options with label 'ING Bank' are selected in object 'Object Repository/BI/select_cashBox' 

2019-11-07 10:54:44 - [TEST_STEP][PASSED] - selectOptionByLabel(findTestObject("BI/select_documentType"), "Receipt", false): All options with label 'Receipt' are selected in object 'Object Repository/BI/select_documentType' 

2019-11-07 10:54:45 - [MESSAGE][PASSED] - All options with label 'Receipt' are selected in object 'Object Repository/BI/select_documentType' 

2019-11-07 10:54:45 - [TEST_STEP][PASSED] - selectOptionByLabel(findTestObject("BI/select_paymentMethod"), "Bank Transfer", false): All options with label 'Bank Transfer' are selected in object 'Object Repository/BI/select_paymentMethod' 

2019-11-07 10:54:46 - [MESSAGE][PASSED] - All options with label 'Bank Transfer' are selected in object 'Object Repository/BI/select_paymentMethod' 

2019-11-07 10:54:46 - [TEST_STEP][PASSED] - selectOptionByLabel(findTestObject("BI/select_accountingDivision"), "Sales Romania Division", false): All options with label 'Sales Romania Division' are selected in object 'Object Repository/BI/select_accountingDivision' 

2019-11-07 10:54:47 - [MESSAGE][PASSED] - All options with label 'Sales Romania Division' are selected in object 'Object Repository/BI/select_accountingDivision' 

2019-11-07 10:54:47 - [TEST_STEP][PASSED] - click(findTestObject("BI/input_Billing")): Object: 'Object Repository/BI/input_Billing' is clicked on

2019-11-07 10:54:48 - [MESSAGE][PASSED] - Object: 'Object Repository/BI/input_Billing' is clicked on

2019-11-07 10:54:48 - [TEST_STEP][PASSED] - waitForElementNotVisible(findTestObject(waitLoad), 20): Object 'Object Repository/Waiters/WaitLoadingAnim_Element' is NOT visible

2019-11-07 10:54:49 - [MESSAGE][PASSED] - Object 'Object Repository/Waiters/WaitLoadingAnim_Element' is NOT visible

2019-11-07 10:54:49 - [TEST_STEP][PASSED] - driverMD = getWebDriver(): null

2019-11-07 10:54:49 - [TEST_STEP][PASSED] - mainDashboard = xpath("/html/body/div[4]/div[3]/div/div/ul[7]/li/div/a")).click(): null]]></system-out>
         <system-err><![CDATA[]]></system-err>
      </testcase>
      <testcase name="Test Cases/SD FLOW Advance Pay/SD FLOW from VENDOR/SD FLOW_RE" time="34.876" classname="Test Cases/SD FLOW Advance Pay/SD FLOW from VENDOR/SD FLOW_RE" status="PASSED">
         <system-out><![CDATA[2019-11-07 10:54:49 - [TEST_CASE][PASSED] - Test Cases/SD FLOW Advance Pay/SD FLOW from VENDOR/SD FLOW_RE: Test Cases/SD FLOW Advance Pay/SD FLOW from VENDOR/SD FLOW_RE

2019-11-07 10:54:50 - [TEST_STEP][PASSED] - waitLoad = "Waiters/WaitButton_Element": null

2019-11-07 10:54:50 - [TEST_STEP][PASSED] - waitButton = "Waiters/WaitButton_Element": null

2019-11-07 10:54:50 - [TEST_STEP][PASSED] - waitForElementVisible(findTestObject(waitLoad), 20): Object 'Object Repository/Waiters/WaitButton_Element' is visible

2019-11-07 10:54:51 - [MESSAGE][PASSED] - Object 'Object Repository/Waiters/WaitButton_Element' is visible

2019-11-07 10:54:51 - [TEST_STEP][PASSED] - waitForElementClickable(findTestObject(waitButton), 20): Object 'Object Repository/Waiters/WaitButton_Element' is clickable

2019-11-07 10:54:52 - [MESSAGE][PASSED] - Object 'Object Repository/Waiters/WaitButton_Element' is clickable

2019-11-07 10:54:52 - [TEST_STEP][PASSED] - linkers.Link_SD_FLOW_VENDOR.receivables(): linkers.Link_SD_FLOW_VENDOR.receivables is PASSED

2019-11-07 10:54:55 - [MESSAGE][PASSED] - linkers.Link_SD_FLOW_VENDOR.receivables is PASSED

2019-11-07 10:54:55 - [TEST_STEP][PASSED] - waitForElementNotVisible(findTestObject(waitLoad), 10): Object 'Object Repository/Waiters/WaitButton_Element' is visible after 10 second(s)

2019-11-07 10:55:06 - [MESSAGE][WARNING] - Object 'Object Repository/Waiters/WaitButton_Element' is visible after 10 second(s)

2019-11-07 10:55:06 - [TEST_STEP][PASSED] - click(findTestObject("RE/input_Receivable_Start")): Object: 'Object Repository/RE/input_Receivable_Start' is clicked on

2019-11-07 10:55:07 - [MESSAGE][PASSED] - Object: 'Object Repository/RE/input_Receivable_Start' is clicked on

2019-11-07 10:55:07 - [TEST_STEP][PASSED] - waitForElementNotVisible(findTestObject(waitLoad), 10): Object 'Object Repository/Waiters/WaitButton_Element' is visible after 10 second(s)

2019-11-07 10:55:18 - [MESSAGE][WARNING] - Object 'Object Repository/Waiters/WaitButton_Element' is visible after 10 second(s)

2019-11-07 10:55:18 - [TEST_STEP][PASSED] - click(findTestObject("RE/input_Receivable_Entry")): Object: 'Object Repository/RE/input_Receivable_Entry' is clicked on

2019-11-07 10:55:19 - [MESSAGE][PASSED] - Object: 'Object Repository/RE/input_Receivable_Entry' is clicked on

2019-11-07 10:55:19 - [TEST_STEP][PASSED] - dateNow = dates.DateGenerate.date(): dates.DateGenerate.date is PASSED

2019-11-07 10:55:19 - [MESSAGE][PASSED] - dates.DateGenerate.date is PASSED

2019-11-07 10:55:19 - [TEST_STEP][PASSED] - setText(findTestObject("RE/input_Transaction Date"), dateNow): Text '2019-11-07' is set on object 'Object Repository/RE/input_Transaction Date'

2019-11-07 10:55:20 - [MESSAGE][PASSED] - Text '2019-11-07' is set on object 'Object Repository/RE/input_Transaction Date'

2019-11-07 10:55:20 - [TEST_STEP][PASSED] - amount = getText(findTestObject("RE/span_getText")): Text of object 'Object Repository/RE/span_getText' is: '95.59'

2019-11-07 10:55:21 - [MESSAGE][PASSED] - Text of object 'Object Repository/RE/span_getText' is: '95.59'

2019-11-07 10:55:21 - [TEST_STEP][PASSED] - currency = getText(findTestObject("RE/span_Currency")): Text of object 'Object Repository/RE/span_Currency' is: 'RON'

2019-11-07 10:55:22 - [MESSAGE][PASSED] - Text of object 'Object Repository/RE/span_Currency' is: 'RON'

2019-11-07 10:55:22 - [TEST_STEP][PASSED] - rate = getText(findTestObject("RE/input_ExchangeRate")): Text of object 'Object Repository/RE/input_ExchangeRate' is: ''

2019-11-07 10:55:22 - [MESSAGE][PASSED] - Text of object 'Object Repository/RE/input_ExchangeRate' is: ''

2019-11-07 10:55:22 - [TEST_STEP][PASSED] - println("Amout in " + amount + " Currency: " + currency + " At a rate of: " + rate): null

2019-11-07 10:55:22 - [TEST_STEP][PASSED] - setText(findTestObject("RE/input_Amount"), amount): Text '95.59' is set on object 'Object Repository/RE/input_Amount'

2019-11-07 10:55:23 - [MESSAGE][PASSED] - Text '95.59' is set on object 'Object Repository/RE/input_Amount'

2019-11-07 10:55:23 - [TEST_STEP][PASSED] - click(findTestObject("RE/input_Save")): Object: 'Object Repository/RE/input_Save' is clicked on

2019-11-07 10:55:23 - [MESSAGE][PASSED] - Object: 'Object Repository/RE/input_Save' is clicked on

2019-11-07 10:55:23 - [TEST_STEP][PASSED] - click(findTestObject("RE/input_Receivable_Close")): Object: 'Object Repository/RE/input_Receivable_Close' is clicked on

2019-11-07 10:55:24 - [MESSAGE][PASSED] - Object: 'Object Repository/RE/input_Receivable_Close' is clicked on]]></system-out>
         <system-err><![CDATA[]]></system-err>
      </testcase>
      <testcase name="Test Cases/SD FLOW Advance Pay/SD FLOW from VENDOR/SD FLOW SaleOrder_from_Vendor" time="47.603" classname="Test Cases/SD FLOW Advance Pay/SD FLOW from VENDOR/SD FLOW SaleOrder_from_Vendor" status="PASSED">
         <system-out><![CDATA[2019-11-07 10:55:24 - [TEST_CASE][PASSED] - Test Cases/SD FLOW Advance Pay/SD FLOW from VENDOR/SD FLOW SaleOrder_from_Vendor: Test Cases/SD FLOW Advance Pay/SD FLOW from VENDOR/SD FLOW SaleOrder_from_Vendor

2019-11-07 10:55:25 - [TEST_STEP][PASSED] - waitLoad = "Waiters/WaitLoadingAnim_Element": null

2019-11-07 10:55:25 - [TEST_STEP][PASSED] - waitButton = "Waiters/WaitButton_Element": null

2019-11-07 10:55:25 - [TEST_STEP][PASSED] - waitConfirm = "OR/Open-SendtoConfirm/input_Sale Order_Progress": null

2019-11-07 10:55:25 - [TEST_STEP][PASSED] - waitForElementNotVisible(findTestObject(waitLoad), 20): Object 'Object Repository/Waiters/WaitLoadingAnim_Element' is NOT visible

2019-11-07 10:55:26 - [MESSAGE][PASSED] - Object 'Object Repository/Waiters/WaitLoadingAnim_Element' is NOT visible

2019-11-07 10:55:26 - [TEST_STEP][PASSED] - waitForElementVisible(findTestObject(waitButton), 20): Object 'Object Repository/Waiters/WaitButton_Element' is visible

2019-11-07 10:55:26 - [MESSAGE][PASSED] - Object 'Object Repository/Waiters/WaitButton_Element' is visible

2019-11-07 10:55:26 - [TEST_STEP][PASSED] - waitForElementClickable(findTestObject(waitButton), 20): Object 'Object Repository/Waiters/WaitButton_Element' is clickable

2019-11-07 10:55:27 - [MESSAGE][PASSED] - Object 'Object Repository/Waiters/WaitButton_Element' is clickable

2019-11-07 10:55:27 - [TEST_STEP][PASSED] - delay(2): Delayed 2 second(s)

2019-11-07 10:55:29 - [MESSAGE][PASSED] - Delayed 2 second(s)

2019-11-07 10:55:29 - [TEST_STEP][PASSED] - linkers.Link_SD_FLOW_VENDOR.order(): linkers.Link_SD_FLOW_VENDOR.order is PASSED

2019-11-07 10:55:31 - [MESSAGE][PASSED] - linkers.Link_SD_FLOW_VENDOR.order is PASSED

2019-11-07 10:55:31 - [TEST_STEP][PASSED] - waitForElementNotVisible(findTestObject(waitLoad), 20): Object 'Object Repository/Waiters/WaitLoadingAnim_Element' is NOT visible

2019-11-07 10:55:33 - [MESSAGE][PASSED] - Object 'Object Repository/Waiters/WaitLoadingAnim_Element' is NOT visible

2019-11-07 10:55:33 - [TEST_STEP][PASSED] - waitForElementVisible(findTestObject(waitConfirm), 20): Object 'Object Repository/OR/Open-SendtoConfirm/input_Sale Order_Progress' is visible

2019-11-07 10:55:33 - [MESSAGE][PASSED] - Object 'Object Repository/OR/Open-SendtoConfirm/input_Sale Order_Progress' is visible

2019-11-07 10:55:33 - [TEST_STEP][PASSED] - waitForElementClickable(findTestObject(waitConfirm), 20): Object 'Object Repository/OR/Open-SendtoConfirm/input_Sale Order_Progress' is clickable

2019-11-07 10:55:34 - [MESSAGE][PASSED] - Object 'Object Repository/OR/Open-SendtoConfirm/input_Sale Order_Progress' is clickable

2019-11-07 10:55:34 - [TEST_STEP][PASSED] - click(findTestObject(waitConfirm)): Object: 'Object Repository/OR/Open-SendtoConfirm/input_Sale Order_Progress' is clicked on

2019-11-07 10:55:34 - [MESSAGE][PASSED] - Object: 'Object Repository/OR/Open-SendtoConfirm/input_Sale Order_Progress' is clicked on

2019-11-07 10:55:34 - [TEST_STEP][PASSED] - waitForElementNotVisible(findTestObject(waitLoad), 20): Object 'Object Repository/Waiters/WaitLoadingAnim_Element' is NOT visible

2019-11-07 10:55:37 - [MESSAGE][PASSED] - Object 'Object Repository/Waiters/WaitLoadingAnim_Element' is NOT visible

2019-11-07 10:55:37 - [TEST_STEP][NOT_RUN] - selectOptionByIndex(findTestObject("OR/Open-SendtoConfirm/select_Activation"), 1): NOT_RUN: selectOptionByIndex(findTestObject("OR/Open-SendtoConfirm/select_Activation"), 1)

2019-11-07 10:55:37 - [MESSAGE][NOT_RUN] - NOT_RUN: selectOptionByIndex(findTestObject("OR/Open-SendtoConfirm/select_Activation"), 1)

2019-11-07 10:55:37 - [TEST_STEP][PASSED] - selectOptionByLabel(findTestObject("OR/Open-SendtoConfirm/select_OrderTo"), findTestData("Provider Company").getValue(2, 1), false): All options with label 'Edoardo Miroglio' are selected in object 'Object Repository/OR/Open-SendtoConfirm/select_OrderTo' 

2019-11-07 10:55:39 - [MESSAGE][PASSED] - All options with label 'Edoardo Miroglio' are selected in object 'Object Repository/OR/Open-SendtoConfirm/select_OrderTo' 

2019-11-07 10:55:39 - [TEST_STEP][PASSED] - dateFutureWEeek = dates.DateGenerate.dateWeek(): dates.DateGenerate.dateWeek is PASSED

2019-11-07 10:55:39 - [MESSAGE][PASSED] - dates.DateGenerate.dateWeek is PASSED

2019-11-07 10:55:39 - [TEST_STEP][PASSED] - setText(findTestObject("OR/Open-SendtoConfirm/input_Deadline"), dateFutureWEeek): Text '2019-11-14' is set on object 'Object Repository/OR/Open-SendtoConfirm/input_Deadline'

2019-11-07 10:55:40 - [MESSAGE][PASSED] - Text '2019-11-14' is set on object 'Object Repository/OR/Open-SendtoConfirm/input_Deadline'

2019-11-07 10:55:40 - [TEST_STEP][NOT_RUN] - click(findTestObject("OR/Open-SendtoConfirm/div_Save_scrollToTopModal"), 5): NOT_RUN: click(findTestObject("OR/Open-SendtoConfirm/div_Save_scrollToTopModal"), 5)

2019-11-07 10:55:40 - [MESSAGE][NOT_RUN] - NOT_RUN: click(findTestObject("OR/Open-SendtoConfirm/div_Save_scrollToTopModal"), 5)

2019-11-07 10:55:40 - [TEST_STEP][PASSED] - waitForElementVisible(findTestObject("OR/Open-SendtoConfirm/input_Sale Order_SendForConfirmation"), 20): Object 'Object Repository/OR/Open-SendtoConfirm/input_Sale Order_SendForConfirmation' is visible

2019-11-07 10:55:41 - [MESSAGE][PASSED] - Object 'Object Repository/OR/Open-SendtoConfirm/input_Sale Order_SendForConfirmation' is visible

2019-11-07 10:55:41 - [TEST_STEP][PASSED] - waitForElementClickable(findTestObject("OR/Open-SendtoConfirm/input_Sale Order_SendForConfirmation"), 20): Object 'Object Repository/OR/Open-SendtoConfirm/input_Sale Order_SendForConfirmation' is clickable

2019-11-07 10:55:41 - [MESSAGE][PASSED] - Object 'Object Repository/OR/Open-SendtoConfirm/input_Sale Order_SendForConfirmation' is clickable

2019-11-07 10:55:41 - [TEST_STEP][PASSED] - click(findTestObject("OR/Open-SendtoConfirm/input_Sale Order_SendForConfirmation")): Object: 'Object Repository/OR/Open-SendtoConfirm/input_Sale Order_SendForConfirmation' is clicked on

2019-11-07 10:55:42 - [MESSAGE][PASSED] - Object: 'Object Repository/OR/Open-SendtoConfirm/input_Sale Order_SendForConfirmation' is clicked on

2019-11-07 10:55:42 - [TEST_STEP][PASSED] - waitForElementNotVisible(findTestObject(waitLoad), 20): Object 'Object Repository/Waiters/WaitLoadingAnim_Element' is NOT visible

2019-11-07 10:55:44 - [MESSAGE][PASSED] - Object 'Object Repository/Waiters/WaitLoadingAnim_Element' is NOT visible

2019-11-07 10:55:44 - [TEST_STEP][PASSED] - waitForElementVisible(findTestObject(waitButton), 20): Object 'Object Repository/Waiters/WaitButton_Element' is visible

2019-11-07 10:55:45 - [MESSAGE][PASSED] - Object 'Object Repository/Waiters/WaitButton_Element' is visible

2019-11-07 10:55:45 - [TEST_STEP][PASSED] - waitForElementClickable(findTestObject(waitButton), 20): Object 'Object Repository/Waiters/WaitButton_Element' is clickable

2019-11-07 10:55:45 - [MESSAGE][PASSED] - Object 'Object Repository/Waiters/WaitButton_Element' is clickable

2019-11-07 10:55:45 - [TEST_STEP][PASSED] - delay(2): Delayed 2 second(s)

2019-11-07 10:55:47 - [MESSAGE][PASSED] - Delayed 2 second(s)

2019-11-07 10:55:47 - [TEST_STEP][PASSED] - linkers.Link_SD_FLOW_VENDOR.order(): linkers.Link_SD_FLOW_VENDOR.order is PASSED

2019-11-07 10:55:50 - [MESSAGE][PASSED] - linkers.Link_SD_FLOW_VENDOR.order is PASSED

2019-11-07 10:55:50 - [TEST_STEP][PASSED] - waitForElementNotVisible(findTestObject(waitLoad), 20): Object 'Object Repository/Waiters/WaitLoadingAnim_Element' is NOT visible

2019-11-07 10:55:51 - [MESSAGE][PASSED] - Object 'Object Repository/Waiters/WaitLoadingAnim_Element' is NOT visible

2019-11-07 10:55:51 - [TEST_STEP][PASSED] - waitForElementVisible(findTestObject("OR/OR Confirm/input_Sale Order_FirstConfirm"), 20): Object 'Object Repository/OR/OR Confirm/input_Sale Order_FirstConfirm' is visible

2019-11-07 10:55:51 - [MESSAGE][PASSED] - Object 'Object Repository/OR/OR Confirm/input_Sale Order_FirstConfirm' is visible

2019-11-07 10:55:51 - [TEST_STEP][PASSED] - waitForElementClickable(findTestObject("OR/OR Confirm/input_Sale Order_FirstConfirm"), 20): Object 'Object Repository/OR/OR Confirm/input_Sale Order_FirstConfirm' is clickable

2019-11-07 10:55:52 - [MESSAGE][PASSED] - Object 'Object Repository/OR/OR Confirm/input_Sale Order_FirstConfirm' is clickable

2019-11-07 10:55:52 - [TEST_STEP][PASSED] - click(findTestObject("OR/OR Confirm/input_Sale Order_FirstConfirm")): Object: 'Object Repository/OR/OR Confirm/input_Sale Order_FirstConfirm' is clicked on

2019-11-07 10:55:53 - [MESSAGE][PASSED] - Object: 'Object Repository/OR/OR Confirm/input_Sale Order_FirstConfirm' is clicked on

2019-11-07 10:55:53 - [TEST_STEP][PASSED] - waitForElementNotVisible(findTestObject(waitLoad), 20): Object 'Object Repository/Waiters/WaitLoadingAnim_Element' is NOT visible

2019-11-07 10:55:54 - [MESSAGE][PASSED] - Object 'Object Repository/Waiters/WaitLoadingAnim_Element' is NOT visible

2019-11-07 10:55:54 - [TEST_STEP][PASSED] - waitForElementVisible(findTestObject(waitButton), 20): Object 'Object Repository/Waiters/WaitButton_Element' is visible

2019-11-07 10:55:55 - [MESSAGE][PASSED] - Object 'Object Repository/Waiters/WaitButton_Element' is visible

2019-11-07 10:55:55 - [TEST_STEP][PASSED] - waitForElementClickable(findTestObject(waitButton), 20): Object 'Object Repository/Waiters/WaitButton_Element' is clickable

2019-11-07 10:55:55 - [MESSAGE][PASSED] - Object 'Object Repository/Waiters/WaitButton_Element' is clickable

2019-11-07 10:55:55 - [TEST_STEP][PASSED] - linkers.Link_SD_FLOW_VENDOR.order(): linkers.Link_SD_FLOW_VENDOR.order is PASSED

2019-11-07 10:55:58 - [MESSAGE][PASSED] - linkers.Link_SD_FLOW_VENDOR.order is PASSED

2019-11-07 10:55:58 - [TEST_STEP][PASSED] - waitForElementNotVisible(findTestObject(waitLoad), 20): Object 'Object Repository/Waiters/WaitLoadingAnim_Element' is NOT visible

2019-11-07 10:56:00 - [MESSAGE][PASSED] - Object 'Object Repository/Waiters/WaitLoadingAnim_Element' is NOT visible

2019-11-07 10:56:00 - [TEST_STEP][PASSED] - waitForElementVisible(findTestObject("OR/OR Confirm/input_Sale Order_SendOrder"), 20): Object 'Object Repository/OR/OR Confirm/input_Sale Order_SendOrder' is visible

2019-11-07 10:56:00 - [MESSAGE][PASSED] - Object 'Object Repository/OR/OR Confirm/input_Sale Order_SendOrder' is visible

2019-11-07 10:56:00 - [TEST_STEP][PASSED] - waitForElementClickable(findTestObject("OR/OR Confirm/input_Sale Order_SendOrder"), 20): Object 'Object Repository/OR/OR Confirm/input_Sale Order_SendOrder' is clickable

2019-11-07 10:56:01 - [MESSAGE][PASSED] - Object 'Object Repository/OR/OR Confirm/input_Sale Order_SendOrder' is clickable

2019-11-07 10:56:01 - [TEST_STEP][PASSED] - click(findTestObject("OR/OR Confirm/input_Sale Order_SendOrder")): Object: 'Object Repository/OR/OR Confirm/input_Sale Order_SendOrder' is clicked on

2019-11-07 10:56:01 - [MESSAGE][PASSED] - Object: 'Object Repository/OR/OR Confirm/input_Sale Order_SendOrder' is clicked on

2019-11-07 10:56:01 - [TEST_STEP][PASSED] - waitForElementNotVisible(findTestObject(waitLoad), 20): Object 'Object Repository/Waiters/WaitLoadingAnim_Element' is NOT visible

2019-11-07 10:56:03 - [MESSAGE][PASSED] - Object 'Object Repository/Waiters/WaitLoadingAnim_Element' is NOT visible

2019-11-07 10:56:03 - [TEST_STEP][PASSED] - waitForElementVisible(findTestObject(waitButton), 20): Object 'Object Repository/Waiters/WaitButton_Element' is visible

2019-11-07 10:56:04 - [MESSAGE][PASSED] - Object 'Object Repository/Waiters/WaitButton_Element' is visible

2019-11-07 10:56:04 - [TEST_STEP][PASSED] - waitForElementClickable(findTestObject(waitButton), 20): Object 'Object Repository/Waiters/WaitButton_Element' is clickable

2019-11-07 10:56:04 - [MESSAGE][PASSED] - Object 'Object Repository/Waiters/WaitButton_Element' is clickable

2019-11-07 10:56:04 - [TEST_STEP][PASSED] - linkers.Link_SD_FLOW_VENDOR.order(): linkers.Link_SD_FLOW_VENDOR.order is PASSED

2019-11-07 10:56:07 - [MESSAGE][PASSED] - linkers.Link_SD_FLOW_VENDOR.order is PASSED

2019-11-07 10:56:07 - [TEST_STEP][PASSED] - waitForElementNotVisible(findTestObject(waitLoad), 20): Object 'Object Repository/Waiters/WaitLoadingAnim_Element' is NOT visible

2019-11-07 10:56:08 - [MESSAGE][PASSED] - Object 'Object Repository/Waiters/WaitLoadingAnim_Element' is NOT visible

2019-11-07 10:56:08 - [TEST_STEP][PASSED] - waitForElementVisible(findTestObject("OR/OR Confirm/input_Sale Order_Close"), 20): Object 'Object Repository/OR/OR Confirm/input_Sale Order_Close' is visible

2019-11-07 10:56:09 - [MESSAGE][PASSED] - Object 'Object Repository/OR/OR Confirm/input_Sale Order_Close' is visible

2019-11-07 10:56:09 - [TEST_STEP][PASSED] - waitForElementClickable(findTestObject("OR/OR Confirm/input_Sale Order_Close"), 20): Object 'Object Repository/OR/OR Confirm/input_Sale Order_Close' is clickable

2019-11-07 10:56:09 - [MESSAGE][PASSED] - Object 'Object Repository/OR/OR Confirm/input_Sale Order_Close' is clickable

2019-11-07 10:56:09 - [TEST_STEP][PASSED] - click(findTestObject("OR/OR Confirm/input_Sale Order_Close")): Object: 'Object Repository/OR/OR Confirm/input_Sale Order_Close' is clicked on

2019-11-07 10:56:10 - [MESSAGE][PASSED] - Object: 'Object Repository/OR/OR Confirm/input_Sale Order_Close' is clicked on

2019-11-07 10:56:10 - [TEST_STEP][PASSED] - waitForElementNotVisible(findTestObject(waitLoad), 20): Object 'Object Repository/Waiters/WaitLoadingAnim_Element' is NOT visible

2019-11-07 10:56:12 - [MESSAGE][PASSED] - Object 'Object Repository/Waiters/WaitLoadingAnim_Element' is NOT visible]]></system-out>
         <system-err><![CDATA[]]></system-err>
      </testcase>
      <testcase name="Test Cases/SD FLOW Advance Pay/SD FLOW from VENDOR/SD FLOW Purchase_req" time="18.143" classname="Test Cases/SD FLOW Advance Pay/SD FLOW from VENDOR/SD FLOW Purchase_req" status="PASSED">
         <system-out><![CDATA[2019-11-07 10:56:12 - [TEST_CASE][PASSED] - Test Cases/SD FLOW Advance Pay/SD FLOW from VENDOR/SD FLOW Purchase_req: Test Cases/SD FLOW Advance Pay/SD FLOW from VENDOR/SD FLOW Purchase_req

2019-11-07 10:56:12 - [TEST_STEP][PASSED] - scrollToPosition(0, 0, OPTIONAL): Browser is scrolled to position x = 0, y = 0

2019-11-07 10:56:12 - [MESSAGE][PASSED] - Browser is scrolled to position x = 0, y = 0

2019-11-07 10:56:12 - [TEST_STEP][PASSED] - waitForElementNotVisible(findTestObject("Waiters/WaitLoadingAnim_Element"), 20): Object 'Object Repository/Waiters/WaitLoadingAnim_Element' is NOT visible

2019-11-07 10:56:13 - [MESSAGE][PASSED] - Object 'Object Repository/Waiters/WaitLoadingAnim_Element' is NOT visible

2019-11-07 10:56:13 - [TEST_STEP][PASSED] - waitForElementVisible(findTestObject("Waiters/WaitPurchaseModule_Element"), 20): Object 'Object Repository/Waiters/WaitPurchaseModule_Element' is visible

2019-11-07 10:56:13 - [MESSAGE][PASSED] - Object 'Object Repository/Waiters/WaitPurchaseModule_Element' is visible

2019-11-07 10:56:13 - [TEST_STEP][PASSED] - openPurchase = getWebDriver(): null

2019-11-07 10:56:13 - [TEST_STEP][PASSED] - plus = xpath("html/body/div[4]/div[3]/div/div/ul[28]/li/div/button/b")).click(): null

2019-11-07 10:56:14 - [TEST_STEP][PASSED] - waitForElementVisible(findTestObject("Waiters/WaitPurchaseReq_Element"), 20): Object 'Object Repository/Waiters/WaitPurchaseReq_Element' is visible

2019-11-07 10:56:15 - [MESSAGE][PASSED] - Object 'Object Repository/Waiters/WaitPurchaseReq_Element' is visible

2019-11-07 10:56:15 - [TEST_STEP][PASSED] - openPOR = getWebDriver(): null

2019-11-07 10:56:15 - [TEST_STEP][PASSED] - por = xpath("/html/body/div[4]/div[3]/div/div/ul[28]/li/ul/li[2]/div/a")).click(): null

2019-11-07 10:56:15 - [TEST_STEP][PASSED] - waitForElementVisible(findTestObject("Waiters/WaitPurchaseReq_Element"), 20): Object 'Object Repository/Waiters/WaitPurchaseReq_Element' is visible

2019-11-07 10:56:18 - [MESSAGE][PASSED] - Object 'Object Repository/Waiters/WaitPurchaseReq_Element' is visible

2019-11-07 10:56:18 - [TEST_STEP][PASSED] - linkers.Link_SD_FLOW_VENDOR.purchase_req(): linkers.Link_SD_FLOW_VENDOR.purchase_req is PASSED

2019-11-07 10:56:20 - [MESSAGE][PASSED] - linkers.Link_SD_FLOW_VENDOR.purchase_req is PASSED

2019-11-07 10:56:20 - [TEST_STEP][PASSED] - selectOptionByValue(findTestObject("POR/select_Purchase Order"), findTestData("DropDowns").getValue(8, 4), false): All options with value 'purchase_order' are selected in object 'Object Repository/POR/select_Purchase Order' 

2019-11-07 10:56:21 - [MESSAGE][PASSED] - All options with value 'purchase_order' are selected in object 'Object Repository/POR/select_Purchase Order' 

2019-11-07 10:56:21 - [TEST_STEP][PASSED] - waitForElementNotVisible(findTestObject("Waiters/WaitLoadingAnim_Element"), 20, CONTINUE_ON_FAILURE): Object 'Object Repository/Waiters/WaitLoadingAnim_Element' is NOT visible

2019-11-07 10:56:22 - [MESSAGE][PASSED] - Object 'Object Repository/Waiters/WaitLoadingAnim_Element' is NOT visible

2019-11-07 10:56:22 - [TEST_STEP][PASSED] - selectOptionByIndex(findTestObject("POR/From SD/select_prio"), 1): All options with index in [1] are selected on object 'Object Repository/POR/From SD/select_prio'

2019-11-07 10:56:24 - [MESSAGE][PASSED] - All options with index in [1] are selected on object 'Object Repository/POR/From SD/select_prio'

2019-11-07 10:56:24 - [TEST_STEP][PASSED] - dateFuture = dates.DateGenerate.dateWeek(): dates.DateGenerate.dateWeek is PASSED

2019-11-07 10:56:24 - [MESSAGE][PASSED] - dates.DateGenerate.dateWeek is PASSED

2019-11-07 10:56:24 - [TEST_STEP][PASSED] - setText(findTestObject("POR/From SD/input_Deadline"), dateFuture): Text '2019-11-14' is set on object 'Object Repository/POR/From SD/input_Deadline'

2019-11-07 10:56:25 - [MESSAGE][PASSED] - Text '2019-11-14' is set on object 'Object Repository/POR/From SD/input_Deadline'

2019-11-07 10:56:25 - [TEST_STEP][PASSED] - click(findTestObject("POR/From SD/input_Purchase Create")): Object: 'Object Repository/POR/From SD/input_Purchase Create' is clicked on

2019-11-07 10:56:26 - [MESSAGE][PASSED] - Object: 'Object Repository/POR/From SD/input_Purchase Create' is clicked on

2019-11-07 10:56:26 - [TEST_STEP][PASSED] - waitForElementNotVisible(findTestObject("Waiters/WaitLoadingAnim_Element"), 20, STOP_ON_FAILURE): Object 'Object Repository/Waiters/WaitLoadingAnim_Element' is NOT visible

2019-11-07 10:56:28 - [MESSAGE][PASSED] - Object 'Object Repository/Waiters/WaitLoadingAnim_Element' is NOT visible

2019-11-07 10:56:28 - [TEST_STEP][PASSED] - delay(2): Delayed 2 second(s)

2019-11-07 10:56:30 - [MESSAGE][PASSED] - Delayed 2 second(s)]]></system-out>
         <system-err><![CDATA[]]></system-err>
      </testcase>
      <testcase name="Test Cases/SD FLOW Advance Pay/SD FLOW from VENDOR/SD FLOW PO" time="21.512" classname="Test Cases/SD FLOW Advance Pay/SD FLOW from VENDOR/SD FLOW PO" status="PASSED">
         <system-out><![CDATA[2019-11-07 10:56:30 - [TEST_CASE][PASSED] - Test Cases/SD FLOW Advance Pay/SD FLOW from VENDOR/SD FLOW PO: Test Cases/SD FLOW Advance Pay/SD FLOW from VENDOR/SD FLOW PO

2019-11-07 10:56:30 - [TEST_STEP][PASSED] - waitForElementNotVisible(findTestObject("Waiters/WaitLoadingAnim_Element"), 20): Object 'Object Repository/Waiters/WaitLoadingAnim_Element' is NOT visible

2019-11-07 10:56:31 - [MESSAGE][PASSED] - Object 'Object Repository/Waiters/WaitLoadingAnim_Element' is NOT visible

2019-11-07 10:56:31 - [TEST_STEP][PASSED] - delay(2): Delayed 2 second(s)

2019-11-07 10:56:33 - [MESSAGE][PASSED] - Delayed 2 second(s)

2019-11-07 10:56:33 - [TEST_STEP][PASSED] - click(findTestObject("PO/PO from SD/input_Purchase InProgressSD")): Object: 'Object Repository/PO/PO from SD/input_Purchase InProgressSD' is clicked on

2019-11-07 10:56:33 - [MESSAGE][PASSED] - Object: 'Object Repository/PO/PO from SD/input_Purchase InProgressSD' is clicked on

2019-11-07 10:56:33 - [TEST_STEP][PASSED] - waitForElementNotVisible(findTestObject("Waiters/WaitLoadingAnim_Element"), 20): Object 'Object Repository/Waiters/WaitLoadingAnim_Element' is NOT visible

2019-11-07 10:56:34 - [MESSAGE][PASSED] - Object 'Object Repository/Waiters/WaitLoadingAnim_Element' is NOT visible

2019-11-07 10:56:34 - [TEST_STEP][PASSED] - scrollToElement(findTestObject("PO/PO from SD/input_Add_offerPriceSD"), 20): Scroll to object 'Object Repository/PO/PO from SD/input_Add_offerPriceSD' successfully

2019-11-07 10:56:35 - [MESSAGE][PASSED] - Scroll to object 'Object Repository/PO/PO from SD/input_Add_offerPriceSD' successfully

2019-11-07 10:56:35 - [TEST_STEP][PASSED] - price = Math.abs(Random().nextInt(900) + 100): null

2019-11-07 10:56:35 - [TEST_STEP][PASSED] - sendKeys(findTestObject("PO/PO from SD/input_Add_offerPriceSD"), price): Keys '453' sent to object: 'Object Repository/PO/PO from SD/input_Add_offerPriceSD'

2019-11-07 10:56:35 - [MESSAGE][PASSED] - Keys '453' sent to object: 'Object Repository/PO/PO from SD/input_Add_offerPriceSD'

2019-11-07 10:56:35 - [TEST_STEP][PASSED] - click(findTestObject("PO/input_Purchase Order_SendAprove")): Object: 'Object Repository/PO/input_Purchase Order_SendAprove' is clicked on

2019-11-07 10:56:36 - [MESSAGE][PASSED] - Object: 'Object Repository/PO/input_Purchase Order_SendAprove' is clicked on

2019-11-07 10:56:36 - [TEST_STEP][PASSED] - waitForElementNotVisible(findTestObject("Waiters/WaitLoadingAnim_Element"), 20): Object 'Object Repository/Waiters/WaitLoadingAnim_Element' is NOT visible

2019-11-07 10:56:38 - [MESSAGE][PASSED] - Object 'Object Repository/Waiters/WaitLoadingAnim_Element' is NOT visible

2019-11-07 10:56:38 - [TEST_STEP][NOT_RUN] - waitForElementVisible(findTestObject("MainDashboard/Nav_Menu_Left/a_Purchase Orders"), 20): NOT_RUN: waitForElementVisible(findTestObject("MainDashboard/Nav_Menu_Left/a_Purchase Orders"), 20)

2019-11-07 10:56:38 - [MESSAGE][NOT_RUN] - NOT_RUN: waitForElementVisible(findTestObject("MainDashboard/Nav_Menu_Left/a_Purchase Orders"), 20)

2019-11-07 10:56:38 - [TEST_STEP][NOT_RUN] - driverMD = getWebDriver(): NOT_RUN: driverMD = getWebDriver()

2019-11-07 10:56:38 - [MESSAGE][NOT_RUN] - NOT_RUN: driverMD = getWebDriver()

2019-11-07 10:56:38 - [TEST_STEP][NOT_RUN] - purchaseOrders = xpath("/html/body/div[4]/div[3]/div/div/ul[28]/li/ul/li[1]/div/a")).click(): NOT_RUN: purchaseOrders = xpath("/html/body/div[4]/div[3]/div/div/ul[28]/li/ul/li[1]/div/a")).click()

2019-11-07 10:56:38 - [MESSAGE][NOT_RUN] - NOT_RUN: purchaseOrders = xpath("/html/body/div[4]/div[3]/div/div/ul[28]/li/ul/li[1]/div/a")).click()

2019-11-07 10:56:38 - [TEST_STEP][NOT_RUN] - waitForElementNotVisible(findTestObject("Waiters/WaitLoadingAnim_Element"), 20): NOT_RUN: waitForElementNotVisible(findTestObject("Waiters/WaitLoadingAnim_Element"), 20)

2019-11-07 10:56:38 - [MESSAGE][NOT_RUN] - NOT_RUN: waitForElementNotVisible(findTestObject("Waiters/WaitLoadingAnim_Element"), 20)

2019-11-07 10:56:38 - [TEST_STEP][NOT_RUN] - waitForElementVisible(findTestObject("Waiters/WaitBRButton_Element"), 20): NOT_RUN: waitForElementVisible(findTestObject("Waiters/WaitBRButton_Element"), 20)

2019-11-07 10:56:38 - [MESSAGE][NOT_RUN] - NOT_RUN: waitForElementVisible(findTestObject("Waiters/WaitBRButton_Element"), 20)

2019-11-07 10:56:38 - [TEST_STEP][NOT_RUN] - waitForElementClickable(findTestObject("Waiters/WaitBRButton_Element"), 20): NOT_RUN: waitForElementClickable(findTestObject("Waiters/WaitBRButton_Element"), 20)

2019-11-07 10:56:38 - [MESSAGE][NOT_RUN] - NOT_RUN: waitForElementClickable(findTestObject("Waiters/WaitBRButton_Element"), 20)

2019-11-07 10:56:38 - [TEST_STEP][NOT_RUN] - delay(2): NOT_RUN: delay(2)

2019-11-07 10:56:38 - [MESSAGE][NOT_RUN] - NOT_RUN: delay(2)

2019-11-07 10:56:38 - [TEST_STEP][NOT_RUN] - linkers.Link_SD_FLOW_VENDOR.purchase_order(): NOT_RUN: linkers.Link_SD_FLOW_VENDOR.purchase_order()

2019-11-07 10:56:38 - [MESSAGE][NOT_RUN] - NOT_RUN: linkers.Link_SD_FLOW_VENDOR.purchase_order()

2019-11-07 10:56:38 - [TEST_STEP][PASSED] - waitForElementNotVisible(findTestObject("Waiters/WaitLoadingAnim_Element"), 20): Object 'Object Repository/Waiters/WaitLoadingAnim_Element' is NOT visible

2019-11-07 10:56:39 - [MESSAGE][PASSED] - Object 'Object Repository/Waiters/WaitLoadingAnim_Element' is NOT visible

2019-11-07 10:56:39 - [TEST_STEP][PASSED] - waitForElementVisible(findTestObject("PO/input_Purchase Order_Approved"), 20): Object 'Object Repository/PO/input_Purchase Order_Approved' is visible

2019-11-07 10:56:39 - [MESSAGE][PASSED] - Object 'Object Repository/PO/input_Purchase Order_Approved' is visible

2019-11-07 10:56:39 - [TEST_STEP][PASSED] - waitForElementClickable(findTestObject("PO/input_Purchase Order_Approved"), 20): Object 'Object Repository/PO/input_Purchase Order_Approved' is clickable

2019-11-07 10:56:39 - [MESSAGE][PASSED] - Object 'Object Repository/PO/input_Purchase Order_Approved' is clickable

2019-11-07 10:56:39 - [TEST_STEP][PASSED] - delay(2): Delayed 2 second(s)

2019-11-07 10:56:41 - [MESSAGE][PASSED] - Delayed 2 second(s)

2019-11-07 10:56:41 - [TEST_STEP][PASSED] - click(findTestObject("PO/input_Purchase Order_Approved")): Object: 'Object Repository/PO/input_Purchase Order_Approved' is clicked on

2019-11-07 10:56:42 - [MESSAGE][PASSED] - Object: 'Object Repository/PO/input_Purchase Order_Approved' is clicked on

2019-11-07 10:56:42 - [TEST_STEP][PASSED] - waitForElementNotVisible(findTestObject("Waiters/WaitLoadingAnim_Element"), 20): Object 'Object Repository/Waiters/WaitLoadingAnim_Element' is NOT visible

2019-11-07 10:56:44 - [MESSAGE][PASSED] - Object 'Object Repository/Waiters/WaitLoadingAnim_Element' is NOT visible

2019-11-07 10:56:44 - [TEST_STEP][PASSED] - waitForElementVisible(findTestObject("Waiters/WaitBRButton_Element"), 20, STOP_ON_FAILURE): Object 'Object Repository/Waiters/WaitBRButton_Element' is visible

2019-11-07 10:56:45 - [MESSAGE][PASSED] - Object 'Object Repository/Waiters/WaitBRButton_Element' is visible

2019-11-07 10:56:45 - [TEST_STEP][PASSED] - waitForElementClickable(findTestObject("Waiters/WaitBRButton_Element"), 20): Object 'Object Repository/Waiters/WaitBRButton_Element' is clickable

2019-11-07 10:56:45 - [MESSAGE][PASSED] - Object 'Object Repository/Waiters/WaitBRButton_Element' is clickable

2019-11-07 10:56:45 - [TEST_STEP][PASSED] - delay(2): Delayed 2 second(s)

2019-11-07 10:56:47 - [MESSAGE][PASSED] - Delayed 2 second(s)

2019-11-07 10:56:47 - [TEST_STEP][NOT_RUN] - linkers.Link_SD_FLOW_VENDOR.purchase_order(): NOT_RUN: linkers.Link_SD_FLOW_VENDOR.purchase_order()

2019-11-07 10:56:47 - [MESSAGE][NOT_RUN] - NOT_RUN: linkers.Link_SD_FLOW_VENDOR.purchase_order()

2019-11-07 10:56:47 - [TEST_STEP][PASSED] - waitForElementNotVisible(findTestObject("Waiters/WaitLoadingAnim_Element"), 20): Object 'Object Repository/Waiters/WaitLoadingAnim_Element' is NOT visible

2019-11-07 10:56:48 - [MESSAGE][PASSED] - Object 'Object Repository/Waiters/WaitLoadingAnim_Element' is NOT visible

2019-11-07 10:56:48 - [TEST_STEP][PASSED] - setText(findTestObject("PO/PO from SD/input_Invoice_NumberSD"), String.valueOf(Math.abs(Random().nextInt() % 9999) + 1)): Text '2627' is set on object 'Object Repository/PO/PO from SD/input_Invoice_NumberSD'

2019-11-07 10:56:48 - [MESSAGE][PASSED] - Text '2627' is set on object 'Object Repository/PO/PO from SD/input_Invoice_NumberSD'

2019-11-07 10:56:48 - [TEST_STEP][PASSED] - dateNow = dates.DateGenerate.date(): dates.DateGenerate.date is PASSED

2019-11-07 10:56:48 - [MESSAGE][PASSED] - dates.DateGenerate.date is PASSED

2019-11-07 10:56:48 - [TEST_STEP][PASSED] - setText(findTestObject("PO/PO from SD/input__form_DateInvoiceSD"), dateNow): Text '2019-11-07' is set on object 'Object Repository/PO/PO from SD/input__form_DateInvoiceSD'

2019-11-07 10:56:49 - [MESSAGE][PASSED] - Text '2019-11-07' is set on object 'Object Repository/PO/PO from SD/input__form_DateInvoiceSD'

2019-11-07 10:56:49 - [TEST_STEP][PASSED] - com.kms.katalon.keyword.uploadfile.UploadFile.uploadFile(findTestObject("PO/PO from SD/input__UploadSD"), "C:\Users\daniel.donose\git\GAS_V4\Data Files\toupload.pdf"): com.kms.katalon.keyword.uploadfile.UploadFile.uploadFile is PASSED

2019-11-07 10:56:49 - [MESSAGE][PASSED] - File 'C:\Users\daniel.donose\git\GAS_V4\Data Files\toupload.pdf' sent to object: 'Object Repository/PO/PO from SD/input__UploadSD'

2019-11-07 10:56:49 - [MESSAGE][PASSED] - com.kms.katalon.keyword.uploadfile.UploadFile.uploadFile is PASSED

2019-11-07 10:56:49 - [TEST_STEP][PASSED] - scrollToElement(findTestObject("PO/PO from SD/input_Add_InvoicePriceSD"), 20): Scroll to object 'Object Repository/PO/PO from SD/input_Add_InvoicePriceSD' successfully

2019-11-07 10:56:50 - [MESSAGE][PASSED] - Scroll to object 'Object Repository/PO/PO from SD/input_Add_InvoicePriceSD' successfully

2019-11-07 10:56:50 - [TEST_STEP][PASSED] - sendKeys(findTestObject("PO/PO from SD/input_Add_InvoicePriceSD"), price): Keys '453' sent to object: 'Object Repository/PO/PO from SD/input_Add_InvoicePriceSD'

2019-11-07 10:56:51 - [MESSAGE][PASSED] - Keys '453' sent to object: 'Object Repository/PO/PO from SD/input_Add_InvoicePriceSD'

2019-11-07 10:56:51 - [TEST_STEP][PASSED] - click(findTestObject("PO/input_Purchase OrderClose")): Object: 'Object Repository/PO/input_Purchase OrderClose' is clicked on

2019-11-07 10:56:51 - [MESSAGE][PASSED] - Object: 'Object Repository/PO/input_Purchase OrderClose' is clicked on]]></system-out>
         <system-err><![CDATA[]]></system-err>
      </testcase>
      <testcase name="Test Cases/SD FLOW Advance Pay/SD FLOW from VENDOR/SD FLOW ID_GI_GR" time="86.925" classname="Test Cases/SD FLOW Advance Pay/SD FLOW from VENDOR/SD FLOW ID_GI_GR" status="FAILED">
         <failure type="FAILED" message="Test Cases/SD FLOW Advance Pay/SD FLOW from VENDOR/SD FLOW ID_GI_GR FAILED.
Reason:
com.kms.katalon.core.exception.StepFailedException: Unable to set text '5666' of object 'Object Repository/ID/ID from SD/GR Close/input_NumberID'
	at com.kms.katalon.core.webui.keyword.internal.WebUIKeywordMain.stepFailed(WebUIKeywordMain.groovy:64)
	at com.kms.katalon.core.webui.keyword.internal.WebUIKeywordMain.runKeyword(WebUIKeywordMain.groovy:26)
	at com.kms.katalon.core.webui.keyword.builtin.SetTextKeyword.setText(SetTextKeyword.groovy:66)
	at com.kms.katalon.core.webui.keyword.builtin.SetTextKeyword.execute(SetTextKeyword.groovy:37)
	at com.kms.katalon.core.keyword.internal.KeywordExecutor.executeKeywordForPlatform(KeywordExecutor.groovy:60)
	at com.kms.katalon.core.webui.keyword.WebUiBuiltInKeywords.setText(WebUiBuiltInKeywords.groovy:950)
	at com.kms.katalon.core.webui.keyword.WebUiBuiltInKeywords$setText$2.call(Unknown Source)
	at SD FLOW ID_GI_GR.run(SD FLOW ID_GI_GR:79)
	at com.kms.katalon.core.main.ScriptEngine.run(ScriptEngine.java:194)
	at com.kms.katalon.core.main.ScriptEngine.runScriptAsRawText(ScriptEngine.java:119)
	at com.kms.katalon.core.main.TestCaseExecutor.runScript(TestCaseExecutor.java:337)
	at com.kms.katalon.core.main.TestCaseExecutor.doExecute(TestCaseExecutor.java:328)
	at com.kms.katalon.core.main.TestCaseExecutor.processExecutionPhase(TestCaseExecutor.java:307)
	at com.kms.katalon.core.main.TestCaseExecutor.accessMainPhase(TestCaseExecutor.java:299)
	at com.kms.katalon.core.main.TestCaseExecutor.execute(TestCaseExecutor.java:233)
	at com.kms.katalon.core.main.TestSuiteExecutor.accessTestCaseMainPhase(TestSuiteExecutor.java:169)
	at com.kms.katalon.core.main.TestSuiteExecutor.accessTestSuiteMainPhase(TestSuiteExecutor.java:142)
	at com.kms.katalon.core.main.TestSuiteExecutor.execute(TestSuiteExecutor.java:91)
	at com.kms.katalon.core.main.TestCaseMain.startTestSuite(TestCaseMain.java:157)
	at com.kms.katalon.core.main.TestCaseMain$startTestSuite$0.call(Unknown Source)
	at TempTestSuite1573116713903.run(TempTestSuite1573116713903.groovy:36)
Caused by: com.kms.katalon.core.webui.exception.WebElementNotFoundException: Web element with id: 'Object Repository/ID/ID from SD/GR Close/input_NumberID' located by 'By.xpath: /html[@class=&quot;k-webkit k-webkit77&quot;]/body[@class=&quot;modal-open&quot;]/div[@class=&quot;modal fade in&quot;]/div[@class=&quot;modal-dialog modal-balance&quot;]/div[@class=&quot;modal-content&quot;]/div[1]/form[@class=&quot;ng-pristine ng-valid ng-valid-date&quot;]/div[@class=&quot;treeGroups&quot;]/div[4]/div[1]/div[@class=&quot;field-group&quot;]/div[2]/table[2]/tbody[1]/tr[4]/td[2]/input[@class=&quot;form-control input-sm input-free text-center ng-pristine ng-untouched ng-valid input-required ng-empty&quot;][count(. | //input[@type = 'text' and @placeholder = ' - number -']) = count(//input[@type = 'text' and @placeholder = ' - number -'])]' not found
	at com.kms.katalon.core.webui.common.WebUiCommonHelper.findWebElement(WebUiCommonHelper.java:1113)
	at com.kms.katalon.core.webui.keyword.internal.WebUIAbstractKeyword.findWebElement(WebUIAbstractKeyword.groovy:27)
	at com.kms.katalon.core.webui.keyword.internal.WebUIAbstractKeyword.findWebElement(WebUIAbstractKeyword.groovy:26)
	at com.kms.katalon.core.webui.keyword.builtin.SetTextKeyword$_setText_closure1.doCall(SetTextKeyword.groovy:51)
	at com.kms.katalon.core.webui.keyword.builtin.SetTextKeyword$_setText_closure1.call(SetTextKeyword.groovy)
	at com.kms.katalon.core.webui.keyword.internal.WebUIKeywordMain.runKeyword(WebUIKeywordMain.groovy:20)
	... 19 more
"/>
         <system-out><![CDATA[2019-11-07 10:56:52 - [TEST_CASE][FAILED] - Test Cases/SD FLOW Advance Pay/SD FLOW from VENDOR/SD FLOW ID_GI_GR: Test Cases/SD FLOW Advance Pay/SD FLOW from VENDOR/SD FLOW ID_GI_GR FAILED.
Reason:
com.kms.katalon.core.exception.StepFailedException: Unable to set text '5666' of object 'Object Repository/ID/ID from SD/GR Close/input_NumberID'
	at com.kms.katalon.core.webui.keyword.internal.WebUIKeywordMain.stepFailed(WebUIKeywordMain.groovy:64)
	at com.kms.katalon.core.webui.keyword.internal.WebUIKeywordMain.runKeyword(WebUIKeywordMain.groovy:26)
	at com.kms.katalon.core.webui.keyword.builtin.SetTextKeyword.setText(SetTextKeyword.groovy:66)
	at com.kms.katalon.core.webui.keyword.builtin.SetTextKeyword.execute(SetTextKeyword.groovy:37)
	at com.kms.katalon.core.keyword.internal.KeywordExecutor.executeKeywordForPlatform(KeywordExecutor.groovy:60)
	at com.kms.katalon.core.webui.keyword.WebUiBuiltInKeywords.setText(WebUiBuiltInKeywords.groovy:950)
	at com.kms.katalon.core.webui.keyword.WebUiBuiltInKeywords$setText$2.call(Unknown Source)
	at SD FLOW ID_GI_GR.run(SD FLOW ID_GI_GR:79)
	at com.kms.katalon.core.main.ScriptEngine.run(ScriptEngine.java:194)
	at com.kms.katalon.core.main.ScriptEngine.runScriptAsRawText(ScriptEngine.java:119)
	at com.kms.katalon.core.main.TestCaseExecutor.runScript(TestCaseExecutor.java:337)
	at com.kms.katalon.core.main.TestCaseExecutor.doExecute(TestCaseExecutor.java:328)
	at com.kms.katalon.core.main.TestCaseExecutor.processExecutionPhase(TestCaseExecutor.java:307)
	at com.kms.katalon.core.main.TestCaseExecutor.accessMainPhase(TestCaseExecutor.java:299)
	at com.kms.katalon.core.main.TestCaseExecutor.execute(TestCaseExecutor.java:233)
	at com.kms.katalon.core.main.TestSuiteExecutor.accessTestCaseMainPhase(TestSuiteExecutor.java:169)
	at com.kms.katalon.core.main.TestSuiteExecutor.accessTestSuiteMainPhase(TestSuiteExecutor.java:142)
	at com.kms.katalon.core.main.TestSuiteExecutor.execute(TestSuiteExecutor.java:91)
	at com.kms.katalon.core.main.TestCaseMain.startTestSuite(TestCaseMain.java:157)
	at com.kms.katalon.core.main.TestCaseMain$startTestSuite$0.call(Unknown Source)
	at TempTestSuite1573116713903.run(TempTestSuite1573116713903.groovy:36)
Caused by: com.kms.katalon.core.webui.exception.WebElementNotFoundException: Web element with id: 'Object Repository/ID/ID from SD/GR Close/input_NumberID' located by 'By.xpath: /html[@class="k-webkit k-webkit77"]/body[@class="modal-open"]/div[@class="modal fade in"]/div[@class="modal-dialog modal-balance"]/div[@class="modal-content"]/div[1]/form[@class="ng-pristine ng-valid ng-valid-date"]/div[@class="treeGroups"]/div[4]/div[1]/div[@class="field-group"]/div[2]/table[2]/tbody[1]/tr[4]/td[2]/input[@class="form-control input-sm input-free text-center ng-pristine ng-untouched ng-valid input-required ng-empty"][count(. | //input[@type = 'text' and @placeholder = ' - number -']) = count(//input[@type = 'text' and @placeholder = ' - number -'])]' not found
	at com.kms.katalon.core.webui.common.WebUiCommonHelper.findWebElement(WebUiCommonHelper.java:1113)
	at com.kms.katalon.core.webui.keyword.internal.WebUIAbstractKeyword.findWebElement(WebUIAbstractKeyword.groovy:27)
	at com.kms.katalon.core.webui.keyword.internal.WebUIAbstractKeyword.findWebElement(WebUIAbstractKeyword.groovy:26)
	at com.kms.katalon.core.webui.keyword.builtin.SetTextKeyword$_setText_closure1.doCall(SetTextKeyword.groovy:51)
	at com.kms.katalon.core.webui.keyword.builtin.SetTextKeyword$_setText_closure1.call(SetTextKeyword.groovy)
	at com.kms.katalon.core.webui.keyword.internal.WebUIKeywordMain.runKeyword(WebUIKeywordMain.groovy:20)
	... 19 more


2019-11-07 10:56:52 - [TEST_STEP][PASSED] - waitForElementNotVisible(findTestObject("Waiters/WaitLoadingAnim_Element"), 20): Object 'Object Repository/Waiters/WaitLoadingAnim_Element' is NOT visible

2019-11-07 10:56:53 - [MESSAGE][PASSED] - Object 'Object Repository/Waiters/WaitLoadingAnim_Element' is NOT visible

2019-11-07 10:56:53 - [TEST_STEP][PASSED] - driverWH = getWebDriver(): null

2019-11-07 10:56:53 - [TEST_STEP][PASSED] - mainDashboard = xpath("/html/body/div[4]/div[3]/div/div/ul[32]/li/div/button/b")).click(): null

2019-11-07 10:56:54 - [TEST_STEP][PASSED] - delay(1): Delayed 1 second(s)

2019-11-07 10:56:55 - [MESSAGE][PASSED] - Delayed 1 second(s)

2019-11-07 10:56:55 - [TEST_STEP][PASSED] - driverID = getWebDriver(): null

2019-11-07 10:56:55 - [TEST_STEP][PASSED] - inboundDelevery = xpath("/html/body/div[4]/div[3]/div/div/ul[32]/li/ul/li[2]/div/a")).click(): null

2019-11-07 10:56:56 - [TEST_STEP][PASSED] - waitForElementVisible(findTestObject("Waiters/WaitBRButton_Element"), 20): Object 'Object Repository/Waiters/WaitBRButton_Element' is visible

2019-11-07 10:56:58 - [MESSAGE][PASSED] - Object 'Object Repository/Waiters/WaitBRButton_Element' is visible

2019-11-07 10:56:58 - [TEST_STEP][PASSED] - linkers.Link_SD_FLOW_VENDOR.inbound_delivery(): linkers.Link_SD_FLOW_VENDOR.inbound_delivery is PASSED

2019-11-07 10:57:03 - [MESSAGE][PASSED] - linkers.Link_SD_FLOW_VENDOR.inbound_delivery is PASSED

2019-11-07 10:57:03 - [TEST_STEP][PASSED] - waitForElementVisible(findTestObject("Waiters/WaitIDCheckbox_Element"), 20): Object 'Object Repository/Waiters/WaitIDCheckbox_Element' is visible

2019-11-07 10:57:03 - [MESSAGE][PASSED] - Object 'Object Repository/Waiters/WaitIDCheckbox_Element' is visible

2019-11-07 10:57:03 - [TEST_STEP][PASSED] - selectOptionByValue(findTestObject("ID/ID from SD/Create_GR/select_Generate"), "goods_receipt", false): All options with value 'goods_receipt' are selected in object 'Object Repository/ID/ID from SD/Create_GR/select_Generate' 

2019-11-07 10:57:04 - [MESSAGE][PASSED] - All options with value 'goods_receipt' are selected in object 'Object Repository/ID/ID from SD/Create_GR/select_Generate' 

2019-11-07 10:57:04 - [TEST_STEP][PASSED] - waitForElementNotVisible(findTestObject("Waiters/WaitLoadingAnim_Element"), 20): Object 'Object Repository/Waiters/WaitLoadingAnim_Element' is NOT visible

2019-11-07 10:57:05 - [MESSAGE][PASSED] - Object 'Object Repository/Waiters/WaitLoadingAnim_Element' is NOT visible

2019-11-07 10:57:05 - [TEST_STEP][PASSED] - selectOptionByValue(findTestObject("ID/ID from SD/Create_GR/select_Prio"), "2", false): All options with value '2' are selected in object 'Object Repository/ID/ID from SD/Create_GR/select_Prio' 

2019-11-07 10:57:06 - [MESSAGE][PASSED] - All options with value '2' are selected in object 'Object Repository/ID/ID from SD/Create_GR/select_Prio' 

2019-11-07 10:57:06 - [TEST_STEP][NOT_RUN] - selectOptionByLabel(findTestObject("ID/ID from SD/Create_GR/select_Supervisor"), "Daniel Donose", false): NOT_RUN: selectOptionByLabel(findTestObject("ID/ID from SD/Create_GR/select_Supervisor"), "Daniel Donose", false)

2019-11-07 10:57:06 - [MESSAGE][NOT_RUN] - NOT_RUN: selectOptionByLabel(findTestObject("ID/ID from SD/Create_GR/select_Supervisor"), "Daniel Donose", false)

2019-11-07 10:57:06 - [TEST_STEP][PASSED] - click(findTestObject("ID/ID from SD/Create_GR/button_Create GR")): Object: 'Object Repository/ID/ID from SD/Create_GR/button_Create GR' is clicked on

2019-11-07 10:57:07 - [MESSAGE][PASSED] - Object: 'Object Repository/ID/ID from SD/Create_GR/button_Create GR' is clicked on

2019-11-07 10:57:07 - [TEST_STEP][PASSED] - waitForElementNotVisible(findTestObject("Waiters/WaitLoadingAnim_Element"), 20): Object 'Object Repository/Waiters/WaitLoadingAnim_Element' is NOT visible

2019-11-07 10:57:10 - [MESSAGE][PASSED] - Object 'Object Repository/Waiters/WaitLoadingAnim_Element' is NOT visible

2019-11-07 10:57:10 - [TEST_STEP][PASSED] - click(findTestObject("ID/ID from SD/Create_GR/button_materialStatus")): Object: 'Object Repository/ID/ID from SD/Create_GR/button_materialStatus' is clicked on

2019-11-07 10:57:10 - [MESSAGE][PASSED] - Object: 'Object Repository/ID/ID from SD/Create_GR/button_materialStatus' is clicked on

2019-11-07 10:57:10 - [TEST_STEP][PASSED] - waitForElementNotVisible(findTestObject("Waiters/WaitLoadingAnim_Element"), 20): Object 'Object Repository/Waiters/WaitLoadingAnim_Element' is NOT visible

2019-11-07 10:57:11 - [MESSAGE][PASSED] - Object 'Object Repository/Waiters/WaitLoadingAnim_Element' is NOT visible

2019-11-07 10:57:11 - [TEST_STEP][PASSED] - click(findTestObject("ID/ID from SD/Create_GR/button_materialOk")): Object: 'Object Repository/ID/ID from SD/Create_GR/button_materialOk' is clicked on

2019-11-07 10:57:12 - [MESSAGE][PASSED] - Object: 'Object Repository/ID/ID from SD/Create_GR/button_materialOk' is clicked on

2019-11-07 10:57:12 - [TEST_STEP][PASSED] - waitForElementNotVisible(findTestObject("Waiters/WaitLoadingAnim_Element"), 20): Object 'Object Repository/Waiters/WaitLoadingAnim_Element' is NOT visible

2019-11-07 10:57:13 - [MESSAGE][PASSED] - Object 'Object Repository/Waiters/WaitLoadingAnim_Element' is NOT visible

2019-11-07 10:57:13 - [TEST_STEP][PASSED] - click(findTestObject("ID/ID from SD/Create_GR/input_CompleteHandover")): Object: 'Object Repository/ID/ID from SD/Create_GR/input_CompleteHandover' is clicked on

2019-11-07 10:57:13 - [MESSAGE][PASSED] - Object: 'Object Repository/ID/ID from SD/Create_GR/input_CompleteHandover' is clicked on

2019-11-07 10:57:13 - [TEST_STEP][PASSED] - waitForElementNotVisible(findTestObject("Waiters/WaitLoadingAnim_Element"), 20): Object 'Object Repository/Waiters/WaitLoadingAnim_Element' is NOT visible

2019-11-07 10:57:15 - [MESSAGE][PASSED] - Object 'Object Repository/Waiters/WaitLoadingAnim_Element' is NOT visible

2019-11-07 10:57:15 - [TEST_STEP][NOT_RUN] - scrollToElement(findTestObject("ID/ID from SD/GR Close/input_SerialID"), 1, OPTIONAL): NOT_RUN: scrollToElement(findTestObject("ID/ID from SD/GR Close/input_SerialID"), 1, OPTIONAL)

2019-11-07 10:57:15 - [MESSAGE][NOT_RUN] - NOT_RUN: scrollToElement(findTestObject("ID/ID from SD/GR Close/input_SerialID"), 1, OPTIONAL)

2019-11-07 10:57:15 - [TEST_STEP][PASSED] - randomNumbers = Math.abs(Random().nextInt() % 9999): null

2019-11-07 10:57:15 - [TEST_STEP][PASSED] - setText(findTestObject("ID/ID from SD/GR Close/input_Delivery Company"), "DHL"): Text 'DHL' is set on object 'Object Repository/ID/ID from SD/GR Close/input_Delivery Company'

2019-11-07 10:57:16 - [MESSAGE][PASSED] - Text 'DHL' is set on object 'Object Repository/ID/ID from SD/GR Close/input_Delivery Company'

2019-11-07 10:57:16 - [TEST_STEP][NOT_RUN] - dateNow = dates.DateGenerate.date(): NOT_RUN: dateNow = dates.DateGenerate.date()

2019-11-07 10:57:16 - [MESSAGE][NOT_RUN] - NOT_RUN: dateNow = dates.DateGenerate.date()

2019-11-07 10:57:16 - [TEST_STEP][NOT_RUN] - setText(findTestObject("ID/ID from SD/GR Close/input_Document from date_form"), dateNow): NOT_RUN: setText(findTestObject("ID/ID from SD/GR Close/input_Document from date_form"), dateNow)

2019-11-07 10:57:16 - [MESSAGE][NOT_RUN] - NOT_RUN: setText(findTestObject("ID/ID from SD/GR Close/input_Document from date_form"), dateNow)

2019-11-07 10:57:16 - [TEST_STEP][NOT_RUN] - com.kms.katalon.keyword.uploadfile.UploadFile.uploadFile(findTestObject("ID/ID from SD/GR Close/input_Attach Delivery Protocol"), "C:\\Users\\daniel.donose\\git\\GAS_V4\\Data Files\\toupload.pdf"): NOT_RUN: com.kms.katalon.keyword.uploadfile.UploadFile.uploadFile(findTestObject("ID/ID from SD/GR Close/input_Attach Delivery Protocol"), "C:\\Users\\daniel.donose\\git\\GAS_V4\\Data Files\\toupload.pdf")

2019-11-07 10:57:16 - [MESSAGE][NOT_RUN] - NOT_RUN: com.kms.katalon.keyword.uploadfile.UploadFile.uploadFile(findTestObject("ID/ID from SD/GR Close/input_Attach Delivery Protocol"), "C:\\Users\\daniel.donose\\git\\GAS_V4\\Data Files\\toupload.pdf")

2019-11-07 10:57:16 - [TEST_STEP][PASSED] - setText(findTestObject("ID/ID from SD/GR Close/input_Delivery Responsible"), "Curier_name"): Text 'Curier_name' is set on object 'Object Repository/ID/ID from SD/GR Close/input_Delivery Responsible'

2019-11-07 10:57:17 - [MESSAGE][PASSED] - Text 'Curier_name' is set on object 'Object Repository/ID/ID from SD/GR Close/input_Delivery Responsible'

2019-11-07 10:57:17 - [TEST_STEP][PASSED] - setText(findTestObject("ID/ID from SD/GR Close/input_SerialID"), randomNumbers): Text '5666' is set on object 'Object Repository/ID/ID from SD/GR Close/input_SerialID'

2019-11-07 10:57:18 - [MESSAGE][PASSED] - Text '5666' is set on object 'Object Repository/ID/ID from SD/GR Close/input_SerialID'

2019-11-07 10:57:18 - [TEST_STEP][FAILED] - setText(findTestObject("ID/ID from SD/GR Close/input_NumberID"), randomNumbers): Unable to set text '5666' of object 'Object Repository/ID/ID from SD/GR Close/input_NumberID' (Root cause: com.kms.katalon.core.exception.StepFailedException: Unable to set text '5666' of object 'Object Repository/ID/ID from SD/GR Close/input_NumberID'
	at com.kms.katalon.core.webui.keyword.internal.WebUIKeywordMain.stepFailed(WebUIKeywordMain.groovy:64)
	at com.kms.katalon.core.webui.keyword.internal.WebUIKeywordMain.runKeyword(WebUIKeywordMain.groovy:26)
	at com.kms.katalon.core.webui.keyword.builtin.SetTextKeyword.setText(SetTextKeyword.groovy:66)
	at com.kms.katalon.core.webui.keyword.builtin.SetTextKeyword.execute(SetTextKeyword.groovy:37)
	at com.kms.katalon.core.keyword.internal.KeywordExecutor.executeKeywordForPlatform(KeywordExecutor.groovy:60)
	at com.kms.katalon.core.webui.keyword.WebUiBuiltInKeywords.setText(WebUiBuiltInKeywords.groovy:950)
	at com.kms.katalon.core.webui.keyword.WebUiBuiltInKeywords$setText$2.call(Unknown Source)
	at SD FLOW ID_GI_GR.run(SD FLOW ID_GI_GR:79)
	at com.kms.katalon.core.main.ScriptEngine.run(ScriptEngine.java:194)
	at com.kms.katalon.core.main.ScriptEngine.runScriptAsRawText(ScriptEngine.java:119)
	at com.kms.katalon.core.main.TestCaseExecutor.runScript(TestCaseExecutor.java:337)
	at com.kms.katalon.core.main.TestCaseExecutor.doExecute(TestCaseExecutor.java:328)
	at com.kms.katalon.core.main.TestCaseExecutor.processExecutionPhase(TestCaseExecutor.java:307)
	at com.kms.katalon.core.main.TestCaseExecutor.accessMainPhase(TestCaseExecutor.java:299)
	at com.kms.katalon.core.main.TestCaseExecutor.execute(TestCaseExecutor.java:233)
	at com.kms.katalon.core.main.TestSuiteExecutor.accessTestCaseMainPhase(TestSuiteExecutor.java:169)
	at com.kms.katalon.core.main.TestSuiteExecutor.accessTestSuiteMainPhase(TestSuiteExecutor.java:142)
	at com.kms.katalon.core.main.TestSuiteExecutor.execute(TestSuiteExecutor.java:91)
	at com.kms.katalon.core.main.TestCaseMain.startTestSuite(TestCaseMain.java:157)
	at com.kms.katalon.core.main.TestCaseMain$startTestSuite$0.call(Unknown Source)
	at TempTestSuite1573116713903.run(TempTestSuite1573116713903.groovy:36)
Caused by: com.kms.katalon.core.webui.exception.WebElementNotFoundException: Web element with id: 'Object Repository/ID/ID from SD/GR Close/input_NumberID' located by 'By.xpath: /html[@class="k-webkit k-webkit77"]/body[@class="modal-open"]/div[@class="modal fade in"]/div[@class="modal-dialog modal-balance"]/div[@class="modal-content"]/div[1]/form[@class="ng-pristine ng-valid ng-valid-date"]/div[@class="treeGroups"]/div[4]/div[1]/div[@class="field-group"]/div[2]/table[2]/tbody[1]/tr[4]/td[2]/input[@class="form-control input-sm input-free text-center ng-pristine ng-untouched ng-valid input-required ng-empty"][count(. | //input[@type = 'text' and @placeholder = ' - number -']) = count(//input[@type = 'text' and @placeholder = ' - number -'])]' not found
	at com.kms.katalon.core.webui.common.WebUiCommonHelper.findWebElement(WebUiCommonHelper.java:1113)
	at com.kms.katalon.core.webui.keyword.internal.WebUIAbstractKeyword.findWebElement(WebUIAbstractKeyword.groovy:27)
	at com.kms.katalon.core.webui.keyword.internal.WebUIAbstractKeyword.findWebElement(WebUIAbstractKeyword.groovy:26)
	at com.kms.katalon.core.webui.keyword.builtin.SetTextKeyword$_setText_closure1.doCall(SetTextKeyword.groovy:51)
	at com.kms.katalon.core.webui.keyword.builtin.SetTextKeyword$_setText_closure1.call(SetTextKeyword.groovy)
	at com.kms.katalon.core.webui.keyword.internal.WebUIKeywordMain.runKeyword(WebUIKeywordMain.groovy:20)
	at com.kms.katalon.core.webui.keyword.builtin.SetTextKeyword.setText(SetTextKeyword.groovy:66)
	at com.kms.katalon.core.webui.keyword.builtin.SetTextKeyword.execute(SetTextKeyword.groovy:37)
	at com.kms.katalon.core.keyword.internal.KeywordExecutor.executeKeywordForPlatform(KeywordExecutor.groovy:60)
	at com.kms.katalon.core.webui.keyword.WebUiBuiltInKeywords.setText(WebUiBuiltInKeywords.groovy:950)
	at com.kms.katalon.core.webui.keyword.WebUiBuiltInKeywords$setText$2.call(Unknown Source)
	at Script1573054586683.run(Script1573054586683.groovy:79)
	... 13 more
)

2019-11-07 10:58:18 - [MESSAGE][INFO] - Unable to find the element located by 'By.xpath: /html[@class="k-webkit k-webkit77"]/body[@class="modal-open"]/div[@class="modal fade in"]/div[@class="modal-dialog modal-balance"]/div[@class="modal-content"]/div[1]/form[@class="ng-pristine ng-valid ng-valid-date"]/div[@class="treeGroups"]/div[4]/div[1]/div[@class="field-group"]/div[2]/table[2]/tbody[1]/tr[4]/td[2]/input[@class="form-control input-sm input-free text-center ng-pristine ng-untouched ng-valid input-required ng-empty"][count(. | //input[@type = 'text' and @placeholder = ' - number -']) = count(//input[@type = 'text' and @placeholder = ' - number -'])]'. Please recheck the objects properties to make sure the desired element is located. 

2019-11-07 10:58:18 - [MESSAGE][FAILED] - Unable to set text '5666' of object 'Object Repository/ID/ID from SD/GR Close/input_NumberID' (Root cause: com.kms.katalon.core.exception.StepFailedException: Unable to set text '5666' of object 'Object Repository/ID/ID from SD/GR Close/input_NumberID'
	at com.kms.katalon.core.webui.keyword.internal.WebUIKeywordMain.stepFailed(WebUIKeywordMain.groovy:64)
	at com.kms.katalon.core.webui.keyword.internal.WebUIKeywordMain.runKeyword(WebUIKeywordMain.groovy:26)
	at com.kms.katalon.core.webui.keyword.builtin.SetTextKeyword.setText(SetTextKeyword.groovy:66)
	at com.kms.katalon.core.webui.keyword.builtin.SetTextKeyword.execute(SetTextKeyword.groovy:37)
	at com.kms.katalon.core.keyword.internal.KeywordExecutor.executeKeywordForPlatform(KeywordExecutor.groovy:60)
	at com.kms.katalon.core.webui.keyword.WebUiBuiltInKeywords.setText(WebUiBuiltInKeywords.groovy:950)
	at com.kms.katalon.core.webui.keyword.WebUiBuiltInKeywords$setText$2.call(Unknown Source)
	at SD FLOW ID_GI_GR.run(SD FLOW ID_GI_GR:79)
	at com.kms.katalon.core.main.ScriptEngine.run(ScriptEngine.java:194)
	at com.kms.katalon.core.main.ScriptEngine.runScriptAsRawText(ScriptEngine.java:119)
	at com.kms.katalon.core.main.TestCaseExecutor.runScript(TestCaseExecutor.java:337)
	at com.kms.katalon.core.main.TestCaseExecutor.doExecute(TestCaseExecutor.java:328)
	at com.kms.katalon.core.main.TestCaseExecutor.processExecutionPhase(TestCaseExecutor.java:307)
	at com.kms.katalon.core.main.TestCaseExecutor.accessMainPhase(TestCaseExecutor.java:299)
	at com.kms.katalon.core.main.TestCaseExecutor.execute(TestCaseExecutor.java:233)
	at com.kms.katalon.core.main.TestSuiteExecutor.accessTestCaseMainPhase(TestSuiteExecutor.java:169)
	at com.kms.katalon.core.main.TestSuiteExecutor.accessTestSuiteMainPhase(TestSuiteExecutor.java:142)
	at com.kms.katalon.core.main.TestSuiteExecutor.execute(TestSuiteExecutor.java:91)
	at com.kms.katalon.core.main.TestCaseMain.startTestSuite(TestCaseMain.java:157)
	at com.kms.katalon.core.main.TestCaseMain$startTestSuite$0.call(Unknown Source)
	at TempTestSuite1573116713903.run(TempTestSuite1573116713903.groovy:36)
Caused by: com.kms.katalon.core.webui.exception.WebElementNotFoundException: Web element with id: 'Object Repository/ID/ID from SD/GR Close/input_NumberID' located by 'By.xpath: /html[@class="k-webkit k-webkit77"]/body[@class="modal-open"]/div[@class="modal fade in"]/div[@class="modal-dialog modal-balance"]/div[@class="modal-content"]/div[1]/form[@class="ng-pristine ng-valid ng-valid-date"]/div[@class="treeGroups"]/div[4]/div[1]/div[@class="field-group"]/div[2]/table[2]/tbody[1]/tr[4]/td[2]/input[@class="form-control input-sm input-free text-center ng-pristine ng-untouched ng-valid input-required ng-empty"][count(. | //input[@type = 'text' and @placeholder = ' - number -']) = count(//input[@type = 'text' and @placeholder = ' - number -'])]' not found
	at com.kms.katalon.core.webui.common.WebUiCommonHelper.findWebElement(WebUiCommonHelper.java:1113)
	at com.kms.katalon.core.webui.keyword.internal.WebUIAbstractKeyword.findWebElement(WebUIAbstractKeyword.groovy:27)
	at com.kms.katalon.core.webui.keyword.internal.WebUIAbstractKeyword.findWebElement(WebUIAbstractKeyword.groovy:26)
	at com.kms.katalon.core.webui.keyword.builtin.SetTextKeyword$_setText_closure1.doCall(SetTextKeyword.groovy:51)
	at com.kms.katalon.core.webui.keyword.builtin.SetTextKeyword$_setText_closure1.call(SetTextKeyword.groovy)
	at com.kms.katalon.core.webui.keyword.internal.WebUIKeywordMain.runKeyword(WebUIKeywordMain.groovy:20)
	at com.kms.katalon.core.webui.keyword.builtin.SetTextKeyword.setText(SetTextKeyword.groovy:66)
	at com.kms.katalon.core.webui.keyword.builtin.SetTextKeyword.execute(SetTextKeyword.groovy:37)
	at com.kms.katalon.core.keyword.internal.KeywordExecutor.executeKeywordForPlatform(KeywordExecutor.groovy:60)
	at com.kms.katalon.core.webui.keyword.WebUiBuiltInKeywords.setText(WebUiBuiltInKeywords.groovy:950)
	at com.kms.katalon.core.webui.keyword.WebUiBuiltInKeywords$setText$2.call(Unknown Source)
	at Script1573054586683.run(Script1573054586683.groovy:79)
	... 13 more
)
[[ATTACHMENT|C:\\Users\\daniel.donose\\git\\GAS_V4\\Reports\\20191107_105153\\SD Flow ME-GR From Vendor with Advance\\20191107_105153\\1573117098104.png]]]]></system-out>
         <system-err><![CDATA[2019-11-07 10:56:52 - [TEST_CASE][FAILED] - Test Cases/SD FLOW Advance Pay/SD FLOW from VENDOR/SD FLOW ID_GI_GR: Test Cases/SD FLOW Advance Pay/SD FLOW from VENDOR/SD FLOW ID_GI_GR FAILED.
Reason:
com.kms.katalon.core.exception.StepFailedException: Unable to set text '5666' of object 'Object Repository/ID/ID from SD/GR Close/input_NumberID'
	at com.kms.katalon.core.webui.keyword.internal.WebUIKeywordMain.stepFailed(WebUIKeywordMain.groovy:64)
	at com.kms.katalon.core.webui.keyword.internal.WebUIKeywordMain.runKeyword(WebUIKeywordMain.groovy:26)
	at com.kms.katalon.core.webui.keyword.builtin.SetTextKeyword.setText(SetTextKeyword.groovy:66)
	at com.kms.katalon.core.webui.keyword.builtin.SetTextKeyword.execute(SetTextKeyword.groovy:37)
	at com.kms.katalon.core.keyword.internal.KeywordExecutor.executeKeywordForPlatform(KeywordExecutor.groovy:60)
	at com.kms.katalon.core.webui.keyword.WebUiBuiltInKeywords.setText(WebUiBuiltInKeywords.groovy:950)
	at com.kms.katalon.core.webui.keyword.WebUiBuiltInKeywords$setText$2.call(Unknown Source)
	at SD FLOW ID_GI_GR.run(SD FLOW ID_GI_GR:79)
	at com.kms.katalon.core.main.ScriptEngine.run(ScriptEngine.java:194)
	at com.kms.katalon.core.main.ScriptEngine.runScriptAsRawText(ScriptEngine.java:119)
	at com.kms.katalon.core.main.TestCaseExecutor.runScript(TestCaseExecutor.java:337)
	at com.kms.katalon.core.main.TestCaseExecutor.doExecute(TestCaseExecutor.java:328)
	at com.kms.katalon.core.main.TestCaseExecutor.processExecutionPhase(TestCaseExecutor.java:307)
	at com.kms.katalon.core.main.TestCaseExecutor.accessMainPhase(TestCaseExecutor.java:299)
	at com.kms.katalon.core.main.TestCaseExecutor.execute(TestCaseExecutor.java:233)
	at com.kms.katalon.core.main.TestSuiteExecutor.accessTestCaseMainPhase(TestSuiteExecutor.java:169)
	at com.kms.katalon.core.main.TestSuiteExecutor.accessTestSuiteMainPhase(TestSuiteExecutor.java:142)
	at com.kms.katalon.core.main.TestSuiteExecutor.execute(TestSuiteExecutor.java:91)
	at com.kms.katalon.core.main.TestCaseMain.startTestSuite(TestCaseMain.java:157)
	at com.kms.katalon.core.main.TestCaseMain$startTestSuite$0.call(Unknown Source)
	at TempTestSuite1573116713903.run(TempTestSuite1573116713903.groovy:36)
Caused by: com.kms.katalon.core.webui.exception.WebElementNotFoundException: Web element with id: 'Object Repository/ID/ID from SD/GR Close/input_NumberID' located by 'By.xpath: /html[@class="k-webkit k-webkit77"]/body[@class="modal-open"]/div[@class="modal fade in"]/div[@class="modal-dialog modal-balance"]/div[@class="modal-content"]/div[1]/form[@class="ng-pristine ng-valid ng-valid-date"]/div[@class="treeGroups"]/div[4]/div[1]/div[@class="field-group"]/div[2]/table[2]/tbody[1]/tr[4]/td[2]/input[@class="form-control input-sm input-free text-center ng-pristine ng-untouched ng-valid input-required ng-empty"][count(. | //input[@type = 'text' and @placeholder = ' - number -']) = count(//input[@type = 'text' and @placeholder = ' - number -'])]' not found
	at com.kms.katalon.core.webui.common.WebUiCommonHelper.findWebElement(WebUiCommonHelper.java:1113)
	at com.kms.katalon.core.webui.keyword.internal.WebUIAbstractKeyword.findWebElement(WebUIAbstractKeyword.groovy:27)
	at com.kms.katalon.core.webui.keyword.internal.WebUIAbstractKeyword.findWebElement(WebUIAbstractKeyword.groovy:26)
	at com.kms.katalon.core.webui.keyword.builtin.SetTextKeyword$_setText_closure1.doCall(SetTextKeyword.groovy:51)
	at com.kms.katalon.core.webui.keyword.builtin.SetTextKeyword$_setText_closure1.call(SetTextKeyword.groovy)
	at com.kms.katalon.core.webui.keyword.internal.WebUIKeywordMain.runKeyword(WebUIKeywordMain.groovy:20)
	... 19 more]]></system-err>
      </testcase>
      <system-out><![CDATA[2019-11-07 10:51:57 - [TEST_SUITE][FAILED] - SD Flow ME-GR From Vendor with Advance: Test Cases/SD FLOW Advance Pay/SD FLOW from VENDOR/SD FLOW ID_GI_GR FAILED.
Reason:
com.kms.katalon.core.exception.StepFailedException: Unable to set text '5666' of object 'Object Repository/ID/ID from SD/GR Close/input_NumberID'
	at com.kms.katalon.core.webui.keyword.internal.WebUIKeywordMain.stepFailed(WebUIKeywordMain.groovy:64)
	at com.kms.katalon.core.webui.keyword.internal.WebUIKeywordMain.runKeyword(WebUIKeywordMain.groovy:26)
	at com.kms.katalon.core.webui.keyword.builtin.SetTextKeyword.setText(SetTextKeyword.groovy:66)
	at com.kms.katalon.core.webui.keyword.builtin.SetTextKeyword.execute(SetTextKeyword.groovy:37)
	at com.kms.katalon.core.keyword.internal.KeywordExecutor.executeKeywordForPlatform(KeywordExecutor.groovy:60)
	at com.kms.katalon.core.webui.keyword.WebUiBuiltInKeywords.setText(WebUiBuiltInKeywords.groovy:950)
	at com.kms.katalon.core.webui.keyword.WebUiBuiltInKeywords$setText$2.call(Unknown Source)
	at SD FLOW ID_GI_GR.run(SD FLOW ID_GI_GR:79)
	at com.kms.katalon.core.main.ScriptEngine.run(ScriptEngine.java:194)
	at com.kms.katalon.core.main.ScriptEngine.runScriptAsRawText(ScriptEngine.java:119)
	at com.kms.katalon.core.main.TestCaseExecutor.runScript(TestCaseExecutor.java:337)
	at com.kms.katalon.core.main.TestCaseExecutor.doExecute(TestCaseExecutor.java:328)
	at com.kms.katalon.core.main.TestCaseExecutor.processExecutionPhase(TestCaseExecutor.java:307)
	at com.kms.katalon.core.main.TestCaseExecutor.accessMainPhase(TestCaseExecutor.java:299)
	at com.kms.katalon.core.main.TestCaseExecutor.execute(TestCaseExecutor.java:233)
	at com.kms.katalon.core.main.TestSuiteExecutor.accessTestCaseMainPhase(TestSuiteExecutor.java:169)
	at com.kms.katalon.core.main.TestSuiteExecutor.accessTestSuiteMainPhase(TestSuiteExecutor.java:142)
	at com.kms.katalon.core.main.TestSuiteExecutor.execute(TestSuiteExecutor.java:91)
	at com.kms.katalon.core.main.TestCaseMain.startTestSuite(TestCaseMain.java:157)
	at com.kms.katalon.core.main.TestCaseMain$startTestSuite$0.call(Unknown Source)
	at TempTestSuite1573116713903.run(TempTestSuite1573116713903.groovy:36)
Caused by: com.kms.katalon.core.webui.exception.WebElementNotFoundException: Web element with id: 'Object Repository/ID/ID from SD/GR Close/input_NumberID' located by 'By.xpath: /html[@class="k-webkit k-webkit77"]/body[@class="modal-open"]/div[@class="modal fade in"]/div[@class="modal-dialog modal-balance"]/div[@class="modal-content"]/div[1]/form[@class="ng-pristine ng-valid ng-valid-date"]/div[@class="treeGroups"]/div[4]/div[1]/div[@class="field-group"]/div[2]/table[2]/tbody[1]/tr[4]/td[2]/input[@class="form-control input-sm input-free text-center ng-pristine ng-untouched ng-valid input-required ng-empty"][count(. | //input[@type = 'text' and @placeholder = ' - number -']) = count(//input[@type = 'text' and @placeholder = ' - number -'])]' not found
	at com.kms.katalon.core.webui.common.WebUiCommonHelper.findWebElement(WebUiCommonHelper.java:1113)
	at com.kms.katalon.core.webui.keyword.internal.WebUIAbstractKeyword.findWebElement(WebUIAbstractKeyword.groovy:27)
	at com.kms.katalon.core.webui.keyword.internal.WebUIAbstractKeyword.findWebElement(WebUIAbstractKeyword.groovy:26)
	at com.kms.katalon.core.webui.keyword.builtin.SetTextKeyword$_setText_closure1.doCall(SetTextKeyword.groovy:51)
	at com.kms.katalon.core.webui.keyword.builtin.SetTextKeyword$_setText_closure1.call(SetTextKeyword.groovy)
	at com.kms.katalon.core.webui.keyword.internal.WebUIKeywordMain.runKeyword(WebUIKeywordMain.groovy:20)
	... 19 more]]></system-out>
      <system-err><![CDATA[2019-11-07 10:51:57 - [TEST_SUITE][FAILED] - SD Flow ME-GR From Vendor with Advance: Test Cases/SD FLOW Advance Pay/SD FLOW from VENDOR/SD FLOW ID_GI_GR FAILED.
Reason:
com.kms.katalon.core.exception.StepFailedException: Unable to set text '5666' of object 'Object Repository/ID/ID from SD/GR Close/input_NumberID'
	at com.kms.katalon.core.webui.keyword.internal.WebUIKeywordMain.stepFailed(WebUIKeywordMain.groovy:64)
	at com.kms.katalon.core.webui.keyword.internal.WebUIKeywordMain.runKeyword(WebUIKeywordMain.groovy:26)
	at com.kms.katalon.core.webui.keyword.builtin.SetTextKeyword.setText(SetTextKeyword.groovy:66)
	at com.kms.katalon.core.webui.keyword.builtin.SetTextKeyword.execute(SetTextKeyword.groovy:37)
	at com.kms.katalon.core.keyword.internal.KeywordExecutor.executeKeywordForPlatform(KeywordExecutor.groovy:60)
	at com.kms.katalon.core.webui.keyword.WebUiBuiltInKeywords.setText(WebUiBuiltInKeywords.groovy:950)
	at com.kms.katalon.core.webui.keyword.WebUiBuiltInKeywords$setText$2.call(Unknown Source)
	at SD FLOW ID_GI_GR.run(SD FLOW ID_GI_GR:79)
	at com.kms.katalon.core.main.ScriptEngine.run(ScriptEngine.java:194)
	at com.kms.katalon.core.main.ScriptEngine.runScriptAsRawText(ScriptEngine.java:119)
	at com.kms.katalon.core.main.TestCaseExecutor.runScript(TestCaseExecutor.java:337)
	at com.kms.katalon.core.main.TestCaseExecutor.doExecute(TestCaseExecutor.java:328)
	at com.kms.katalon.core.main.TestCaseExecutor.processExecutionPhase(TestCaseExecutor.java:307)
	at com.kms.katalon.core.main.TestCaseExecutor.accessMainPhase(TestCaseExecutor.java:299)
	at com.kms.katalon.core.main.TestCaseExecutor.execute(TestCaseExecutor.java:233)
	at com.kms.katalon.core.main.TestSuiteExecutor.accessTestCaseMainPhase(TestSuiteExecutor.java:169)
	at com.kms.katalon.core.main.TestSuiteExecutor.accessTestSuiteMainPhase(TestSuiteExecutor.java:142)
	at com.kms.katalon.core.main.TestSuiteExecutor.execute(TestSuiteExecutor.java:91)
	at com.kms.katalon.core.main.TestCaseMain.startTestSuite(TestCaseMain.java:157)
	at com.kms.katalon.core.main.TestCaseMain$startTestSuite$0.call(Unknown Source)
	at TempTestSuite1573116713903.run(TempTestSuite1573116713903.groovy:36)
Caused by: com.kms.katalon.core.webui.exception.WebElementNotFoundException: Web element with id: 'Object Repository/ID/ID from SD/GR Close/input_NumberID' located by 'By.xpath: /html[@class="k-webkit k-webkit77"]/body[@class="modal-open"]/div[@class="modal fade in"]/div[@class="modal-dialog modal-balance"]/div[@class="modal-content"]/div[1]/form[@class="ng-pristine ng-valid ng-valid-date"]/div[@class="treeGroups"]/div[4]/div[1]/div[@class="field-group"]/div[2]/table[2]/tbody[1]/tr[4]/td[2]/input[@class="form-control input-sm input-free text-center ng-pristine ng-untouched ng-valid input-required ng-empty"][count(. | //input[@type = 'text' and @placeholder = ' - number -']) = count(//input[@type = 'text' and @placeholder = ' - number -'])]' not found
	at com.kms.katalon.core.webui.common.WebUiCommonHelper.findWebElement(WebUiCommonHelper.java:1113)
	at com.kms.katalon.core.webui.keyword.internal.WebUIAbstractKeyword.findWebElement(WebUIAbstractKeyword.groovy:27)
	at com.kms.katalon.core.webui.keyword.internal.WebUIAbstractKeyword.findWebElement(WebUIAbstractKeyword.groovy:26)
	at com.kms.katalon.core.webui.keyword.builtin.SetTextKeyword$_setText_closure1.doCall(SetTextKeyword.groovy:51)
	at com.kms.katalon.core.webui.keyword.builtin.SetTextKeyword$_setText_closure1.call(SetTextKeyword.groovy)
	at com.kms.katalon.core.webui.keyword.internal.WebUIKeywordMain.runKeyword(WebUIKeywordMain.groovy:20)
	... 19 more]]></system-err>
   </testsuite>
</testsuites>
